{"C:\\Users\\nawal\\OneDrive\\FALL 24\\SE\\Style\\src\\navbar_artist.tsx": {"path":"C:\\Users\\nawal\\OneDrive\\FALL 24\\SE\\Style\\src\\navbar_artist.tsx","statementMap":{"0":{"start":{"line":6,"column":0},"end":{"line":6,"column":24}},"1":{"start":{"line":4,"column":0},"end":{"line":4,"column":null}},"2":{"start":{"line":7,"column":17},"end":{"line":7,"column":28}},"3":{"start":{"line":9,"column":2},"end":{"line":18,"column":null}},"4":{"start":{"line":12,"column":35},"end":{"line":12,"column":55}},"5":{"start":{"line":13,"column":35},"end":{"line":13,"column":58}},"6":{"start":{"line":14,"column":35},"end":{"line":14,"column":63}},"7":{"start":{"line":15,"column":35},"end":{"line":15,"column":55}},"8":{"start":{"line":16,"column":35},"end":{"line":16,"column":57}}},"fnMap":{"0":{"name":"Navbar","decl":{"start":{"line":6,"column":24},"end":{"line":6,"column":30}},"loc":{"start":{"line":6,"column":30},"end":{"line":20,"column":null}}},"1":{"name":"(anonymous_1)","decl":{"start":{"line":12,"column":29},"end":{"line":12,"column":35}},"loc":{"start":{"line":12,"column":35},"end":{"line":12,"column":55}}},"2":{"name":"(anonymous_2)","decl":{"start":{"line":13,"column":29},"end":{"line":13,"column":35}},"loc":{"start":{"line":13,"column":35},"end":{"line":13,"column":58}}},"3":{"name":"(anonymous_3)","decl":{"start":{"line":14,"column":29},"end":{"line":14,"column":35}},"loc":{"start":{"line":14,"column":35},"end":{"line":14,"column":63}}},"4":{"name":"(anonymous_4)","decl":{"start":{"line":15,"column":29},"end":{"line":15,"column":35}},"loc":{"start":{"line":15,"column":35},"end":{"line":15,"column":55}}},"5":{"name":"(anonymous_5)","decl":{"start":{"line":16,"column":29},"end":{"line":16,"column":35}},"loc":{"start":{"line":16,"column":35},"end":{"line":16,"column":57}}}},"branchMap":{},"s":{"0":0,"1":0,"2":0,"3":0,"4":0,"5":0,"6":0,"7":0,"8":0},"f":{"0":0,"1":0,"2":0,"3":0,"4":0,"5":0},"b":{}}
,"C:\\Users\\nawal\\OneDrive\\FALL 24\\SE\\Style\\src\\app\\auth.ts": {"path":"C:\\Users\\nawal\\OneDrive\\FALL 24\\SE\\Style\\src\\app\\auth.ts","statementMap":{"0":{"start":{"line":3,"column":0},"end":{"line":3,"column":null}},"1":{"start":{"line":6,"column":13},"end":{"line":6,"column":22}},"2":{"start":{"line":7,"column":17},"end":{"line":7,"column":41}},"3":{"start":{"line":10,"column":31},"end":{"line":19,"column":1}},"4":{"start":{"line":11,"column":2},"end":{"line":18,"column":null}},"5":{"start":{"line":13,"column":19},"end":{"line":13,"column":30}},"6":{"start":{"line":14,"column":6},"end":{"line":14,"column":null}},"7":{"start":{"line":17,"column":6},"end":{"line":17,"column":null}},"8":{"start":{"line":10,"column":13},"end":{"line":10,"column":31}},"9":{"start":{"line":22,"column":26},"end":{"line":31,"column":1}},"10":{"start":{"line":23,"column":2},"end":{"line":30,"column":null}},"11":{"start":{"line":25,"column":19},"end":{"line":25,"column":38}},"12":{"start":{"line":26,"column":6},"end":{"line":26,"column":null}},"13":{"start":{"line":29,"column":6},"end":{"line":29,"column":null}},"14":{"start":{"line":22,"column":13},"end":{"line":22,"column":26}}},"fnMap":{"0":{"name":"(anonymous_0)","decl":{"start":{"line":10,"column":31},"end":{"line":10,"column":42}},"loc":{"start":{"line":10,"column":42},"end":{"line":19,"column":1}}},"1":{"name":"(anonymous_1)","decl":{"start":{"line":12,"column":11},"end":{"line":12,"column":17}},"loc":{"start":{"line":12,"column":21},"end":{"line":15,"column":5}}},"2":{"name":"(anonymous_2)","decl":{"start":{"line":16,"column":12},"end":{"line":16,"column":17}},"loc":{"start":{"line":16,"column":21},"end":{"line":18,"column":5}}},"3":{"name":"(anonymous_3)","decl":{"start":{"line":22,"column":26},"end":{"line":22,"column":27}},"loc":{"start":{"line":22,"column":68},"end":{"line":31,"column":1}}},"4":{"name":"(anonymous_4)","decl":{"start":{"line":24,"column":11},"end":{"line":24,"column":41}},"loc":{"start":{"line":24,"column":45},"end":{"line":27,"column":5}}},"5":{"name":"(anonymous_5)","decl":{"start":{"line":28,"column":12},"end":{"line":28,"column":17}},"loc":{"start":{"line":28,"column":21},"end":{"line":30,"column":5}}}},"branchMap":{},"s":{"0":0,"1":0,"2":0,"3":0,"4":0,"5":0,"6":0,"7":0,"8":0,"9":0,"10":0,"11":0,"12":0,"13":0,"14":0},"f":{"0":0,"1":0,"2":0,"3":0,"4":0,"5":0},"b":{}}
,"C:\\Users\\nawal\\OneDrive\\FALL 24\\SE\\Style\\src\\app\\firebase-admin.js": {"path":"C:\\Users\\nawal\\OneDrive\\FALL 24\\SE\\Style\\src\\app\\firebase-admin.js","statementMap":{"0":{"start":{"line":7,"column":0},"end":{"line":7,"column":9}},"1":{"start":{"line":10,"column":27},"end":{"line":10,"column":112}},"2":{"start":{"line":11,"column":23},"end":{"line":11,"column":78}},"3":{"start":{"line":14,"column":0},"end":{"line":19,"column":1}},"4":{"start":{"line":15,"column":2},"end":{"line":18,"column":5}},"5":{"start":{"line":21,"column":0},"end":{"line":21,"column":46}},"6":{"start":{"line":24,"column":0},"end":{"line":24,"column":23}}},"fnMap":{},"branchMap":{"0":{"loc":{"start":{"line":14,"column":0},"end":{"line":19,"column":1}},"type":"if","locations":[{"start":{"line":14,"column":0},"end":{"line":19,"column":1}},{"start":{},"end":{}}],"line":14}},"s":{"0":0,"1":0,"2":0,"3":0,"4":0,"5":0,"6":0},"f":{},"b":{"0":[0,0]}}
,"C:\\Users\\nawal\\OneDrive\\FALL 24\\SE\\Style\\src\\app\\firebase.ts": {"path":"C:\\Users\\nawal\\OneDrive\\FALL 24\\SE\\Style\\src\\app\\firebase.ts","statementMap":{"0":{"start":{"line":4,"column":0},"end":{"line":4,"column":null}},"1":{"start":{"line":6,"column":0},"end":{"line":6,"column":59}},"2":{"start":{"line":7,"column":0},"end":{"line":7,"column":50}},"3":{"start":{"line":8,"column":0},"end":{"line":8,"column":46}},"4":{"start":{"line":12,"column":23},"end":{"line":20,"column":null}},"5":{"start":{"line":23,"column":12},"end":{"line":23,"column":41}},"6":{"start":{"line":24,"column":13},"end":{"line":24,"column":25}},"7":{"start":{"line":30,"column":9},"end":{"line":30,"column":15}},"8":{"start":{"line":25,"column":11},"end":{"line":25,"column":28}},"9":{"start":{"line":30,"column":31},"end":{"line":30,"column":35}},"10":{"start":{"line":26,"column":16},"end":{"line":26,"column":31}},"11":{"start":{"line":30,"column":35},"end":{"line":30,"column":44}},"12":{"start":{"line":27,"column":20},"end":{"line":27,"column":49}},"13":{"start":{"line":30,"column":44},"end":{"line":30,"column":null}},"14":{"start":{"line":28,"column":23},"end":{"line":28,"column":47}},"15":{"start":{"line":30,"column":15},"end":{"line":30,"column":31}}},"fnMap":{},"branchMap":{},"s":{"0":0,"1":0,"2":0,"3":0,"4":0,"5":0,"6":0,"7":0,"8":0,"9":0,"10":0,"11":0,"12":0,"13":0,"14":0,"15":0},"f":{},"b":{}}
,"C:\\Users\\nawal\\OneDrive\\FALL 24\\SE\\Style\\src\\app\\layout.tsx": {"path":"C:\\Users\\nawal\\OneDrive\\FALL 24\\SE\\Style\\src\\app\\layout.tsx","statementMap":{"0":{"start":{"line":25,"column":0},"end":{"line":25,"column":24}},"1":{"start":{"line":2,"column":0},"end":{"line":2,"column":null}},"2":{"start":{"line":3,"column":0},"end":{"line":3,"column":null}},"3":{"start":{"line":5,"column":0},"end":{"line":5,"column":23}},"4":{"start":{"line":6,"column":0},"end":{"line":6,"column":null}},"5":{"start":{"line":10,"column":15},"end":{"line":14,"column":2}},"6":{"start":{"line":16,"column":13},"end":{"line":19,"column":null}},"7":{"start":{"line":31,"column":4},"end":{"line":32,"column":null}},"8":{"start":{"line":32,"column":22},"end":{"line":32,"column":57}},"9":{"start":{"line":36,"column":2},"end":{"line":57,"column":null}}},"fnMap":{"0":{"name":"RootLayout","decl":{"start":{"line":25,"column":24},"end":{"line":25,"column":34}},"loc":{"start":{"line":29,"column":2},"end":{"line":59,"column":null}}},"1":{"name":"(anonymous_2)","decl":{"start":{"line":32,"column":7},"end":{"line":32,"column":17}},"loc":{"start":{"line":32,"column":22},"end":{"line":32,"column":57}}}},"branchMap":{"0":{"loc":{"start":{"line":32,"column":22},"end":{"line":32,"column":57}},"type":"binary-expr","locations":[{"start":{"line":32,"column":22},"end":{"line":32,"column":33}},{"start":{"line":32,"column":37},"end":{"line":32,"column":57}}]},"1":{"loc":{"start":{"line":41,"column":9},"end":{"line":41,"column":40}},"type":"binary-expr","locations":[{"start":{"line":41,"column":9},"end":{"line":41,"column":26}},{"start":{"line":41,"column":30},"end":{"line":41,"column":40}}]}},"s":{"0":0,"1":0,"2":0,"3":0,"4":0,"5":0,"6":0,"7":0,"8":0,"9":0},"f":{"0":0,"1":0},"b":{"0":[0,0],"1":[0,0]}}
,"C:\\Users\\nawal\\OneDrive\\FALL 24\\SE\\Style\\src\\app\\api\\profile\\route.js": {"path":"C:\\Users\\nawal\\OneDrive\\FALL 24\\SE\\Style\\src\\app\\api\\profile\\route.js","statementMap":{"0":{"start":{"line":8,"column":2},"end":{"line":66,"column":3}},"1":{"start":{"line":10,"column":17},"end":{"line":10,"column":37}},"2":{"start":{"line":11,"column":54},"end":{"line":11,"column":58}},"3":{"start":{"line":14,"column":23},"end":{"line":14,"column":59}},"4":{"start":{"line":15,"column":4},"end":{"line":17,"column":5}},"5":{"start":{"line":16,"column":6},"end":{"line":16,"column":96}},"6":{"start":{"line":19,"column":18},"end":{"line":19,"column":42}},"7":{"start":{"line":20,"column":4},"end":{"line":22,"column":5}},"8":{"start":{"line":21,"column":6},"end":{"line":21,"column":95}},"9":{"start":{"line":24,"column":25},"end":{"line":24,"column":64}},"10":{"start":{"line":25,"column":19},"end":{"line":25,"column":35}},"11":{"start":{"line":28,"column":28},"end":{"line":31,"column":5}},"12":{"start":{"line":34,"column":4},"end":{"line":34,"column":65}},"13":{"start":{"line":37,"column":4},"end":{"line":41,"column":5}},"14":{"start":{"line":38,"column":25},"end":{"line":38,"column":86}},"15":{"start":{"line":39,"column":6},"end":{"line":39,"column":48}},"16":{"start":{"line":40,"column":6},"end":{"line":40,"column":81}},"17":{"start":{"line":44,"column":4},"end":{"line":50,"column":5}},"18":{"start":{"line":45,"column":6},"end":{"line":48,"column":9}},"19":{"start":{"line":46,"column":27},"end":{"line":46,"column":82}},"20":{"start":{"line":47,"column":8},"end":{"line":47,"column":45}},"21":{"start":{"line":49,"column":6},"end":{"line":49,"column":60}},"22":{"start":{"line":53,"column":4},"end":{"line":53,"column":101}},"23":{"start":{"line":56,"column":4},"end":{"line":60,"column":7}},"24":{"start":{"line":62,"column":4},"end":{"line":65,"column":24}}},"fnMap":{"0":{"name":"POST","decl":{"start":{"line":7,"column":22},"end":{"line":7,"column":26}},"loc":{"start":{"line":7,"column":36},"end":{"line":67,"column":1}},"line":7},"1":{"name":"(anonymous_1)","decl":{"start":{"line":45,"column":21},"end":{"line":45,"column":22}},"loc":{"start":{"line":45,"column":38},"end":{"line":48,"column":7}},"line":45}},"branchMap":{"0":{"loc":{"start":{"line":15,"column":4},"end":{"line":17,"column":5}},"type":"if","locations":[{"start":{"line":15,"column":4},"end":{"line":17,"column":5}},{"start":{},"end":{}}],"line":15},"1":{"loc":{"start":{"line":20,"column":4},"end":{"line":22,"column":5}},"type":"if","locations":[{"start":{"line":20,"column":4},"end":{"line":22,"column":5}},{"start":{},"end":{}}],"line":20},"2":{"loc":{"start":{"line":37,"column":4},"end":{"line":41,"column":5}},"type":"if","locations":[{"start":{"line":37,"column":4},"end":{"line":41,"column":5}},{"start":{},"end":{}}],"line":37},"3":{"loc":{"start":{"line":37,"column":8},"end":{"line":37,"column":71}},"type":"binary-expr","locations":[{"start":{"line":37,"column":8},"end":{"line":37,"column":18}},{"start":{"line":37,"column":22},"end":{"line":37,"column":52}},{"start":{"line":37,"column":56},"end":{"line":37,"column":71}}],"line":37},"4":{"loc":{"start":{"line":44,"column":4},"end":{"line":50,"column":5}},"type":"if","locations":[{"start":{"line":44,"column":4},"end":{"line":50,"column":5}},{"start":{},"end":{}}],"line":44},"5":{"loc":{"start":{"line":44,"column":8},"end":{"line":44,"column":35}},"type":"binary-expr","locations":[{"start":{"line":44,"column":8},"end":{"line":44,"column":14}},{"start":{"line":44,"column":18},"end":{"line":44,"column":35}}],"line":44}},"s":{"0":0,"1":0,"2":0,"3":0,"4":0,"5":0,"6":0,"7":0,"8":0,"9":0,"10":0,"11":0,"12":0,"13":0,"14":0,"15":0,"16":0,"17":0,"18":0,"19":0,"20":0,"21":0,"22":0,"23":0,"24":0},"f":{"0":0,"1":0},"b":{"0":[0,0],"1":[0,0],"2":[0,0],"3":[0,0,0],"4":[0,0],"5":[0,0]}}
,"C:\\Users\\nawal\\OneDrive\\FALL 24\\SE\\Style\\src\\app\\appointments\\page.tsx": {"path":"C:\\Users\\nawal\\OneDrive\\FALL 24\\SE\\Style\\src\\app\\appointments\\page.tsx","statementMap":{"0":{"start":{"line":5,"column":0},"end":{"line":5,"column":null}},"1":{"start":{"line":18,"column":46},"end":{"line":45,"column":null}},"2":{"start":{"line":48,"column":20},"end":{"line":105,"column":1}},"3":{"start":{"line":49,"column":42},"end":{"line":49,"column":73}},"4":{"start":{"line":50,"column":28},"end":{"line":50,"column":57}},"5":{"start":{"line":51,"column":32},"end":{"line":51,"column":46}},"6":{"start":{"line":53,"column":2},"end":{"line":74,"column":null}},"7":{"start":{"line":54,"column":30},"end":{"line":71,"column":null}},"8":{"start":{"line":54,"column":41},"end":{"line":71,"column":null}},"9":{"start":{"line":55,"column":6},"end":{"line":70,"column":null}},"10":{"start":{"line":56,"column":25},"end":{"line":56,"column":58}},"11":{"start":{"line":57,"column":8},"end":{"line":59,"column":null}},"12":{"start":{"line":58,"column":10},"end":{"line":58,"column":null}},"13":{"start":{"line":60,"column":21},"end":{"line":60,"column":42}},"14":{"start":{"line":61,"column":8},"end":{"line":61,"column":null}},"15":{"start":{"line":63,"column":8},"end":{"line":67,"column":null}},"16":{"start":{"line":64,"column":10},"end":{"line":64,"column":null}},"17":{"start":{"line":66,"column":10},"end":{"line":66,"column":null}},"18":{"start":{"line":69,"column":8},"end":{"line":69,"column":null}},"19":{"start":{"line":73,"column":4},"end":{"line":73,"column":null}},"20":{"start":{"line":76,"column":2},"end":{"line":76,"column":null}},"21":{"start":{"line":76,"column":15},"end":{"line":76,"column":null}},"22":{"start":{"line":77,"column":2},"end":{"line":77,"column":null}},"23":{"start":{"line":77,"column":13},"end":{"line":77,"column":null}},"24":{"start":{"line":79,"column":2},"end":{"line":103,"column":null}},"25":{"start":{"line":89,"column":14},"end":{"line":89,"column":40}},"26":{"start":{"line":107,"column":0},"end":{"line":107,"column":null}}},"fnMap":{"0":{"name":"(anonymous_7)","decl":{"start":{"line":48,"column":20},"end":{"line":48,"column":25}},"loc":{"start":{"line":48,"column":25},"end":{"line":105,"column":1}}},"1":{"name":"(anonymous_8)","decl":{"start":{"line":53,"column":12},"end":{"line":53,"column":17}},"loc":{"start":{"line":53,"column":17},"end":{"line":74,"column":3}}},"2":{"name":"(anonymous_9)","decl":{"start":{"line":54,"column":30},"end":{"line":54,"column":41}},"loc":{"start":{"line":54,"column":41},"end":{"line":71,"column":null}}},"3":{"name":"(anonymous_10)","decl":{"start":{"line":54,"column":41},"end":{"line":54,"column":null}},"loc":{"start":{"line":54,"column":41},"end":{"line":71,"column":5}}},"4":{"name":"(anonymous_11)","decl":{"start":{"line":88,"column":30},"end":{"line":88,"column":58}},"loc":{"start":{"line":89,"column":14},"end":{"line":89,"column":40}}}},"branchMap":{"0":{"loc":{"start":{"line":57,"column":8},"end":{"line":59,"column":null}},"type":"if","locations":[{"start":{"line":57,"column":8},"end":{"line":59,"column":null}}]},"1":{"loc":{"start":{"line":63,"column":8},"end":{"line":67,"column":null}},"type":"if","locations":[{"start":{"line":63,"column":8},"end":{"line":67,"column":null}},{"start":{"line":65,"column":15},"end":{"line":67,"column":null}}]},"2":{"loc":{"start":{"line":76,"column":2},"end":{"line":76,"column":null}},"type":"if","locations":[{"start":{"line":76,"column":2},"end":{"line":76,"column":null}}]},"3":{"loc":{"start":{"line":77,"column":2},"end":{"line":77,"column":null}},"type":"if","locations":[{"start":{"line":77,"column":2},"end":{"line":77,"column":null}}]},"4":{"loc":{"start":{"line":87,"column":11},"end":{"line":99,"column":null}},"type":"cond-expr","locations":[{"start":{"line":88,"column":12},"end":{"line":97,"column":14}},{"start":{"line":99,"column":12},"end":{"line":99,"column":null}}]}},"s":{"0":0,"1":0,"2":0,"3":0,"4":0,"5":0,"6":0,"7":0,"8":0,"9":0,"10":0,"11":0,"12":0,"13":0,"14":0,"15":0,"16":0,"17":0,"18":0,"19":0,"20":0,"21":0,"22":0,"23":0,"24":0,"25":0,"26":0},"f":{"0":0,"1":0,"2":0,"3":0,"4":0},"b":{"0":[0],"1":[0,0],"2":[0],"3":[0],"4":[0,0]}}
,"C:\\Users\\nawal\\OneDrive\\FALL 24\\SE\\Style\\src\\app\\artistlogin\\page.tsx": {"path":"C:\\Users\\nawal\\OneDrive\\FALL 24\\SE\\Style\\src\\app\\artistlogin\\page.tsx","statementMap":{"0":{"start":{"line":14,"column":0},"end":{"line":14,"column":24}},"1":{"start":{"line":4,"column":0},"end":{"line":4,"column":null}},"2":{"start":{"line":5,"column":0},"end":{"line":5,"column":null}},"3":{"start":{"line":6,"column":0},"end":{"line":6,"column":null}},"4":{"start":{"line":11,"column":0},"end":{"line":11,"column":null}},"5":{"start":{"line":16,"column":32},"end":{"line":16,"column":46}},"6":{"start":{"line":18,"column":17},"end":{"line":18,"column":28}},"7":{"start":{"line":21,"column":22},"end":{"line":23,"column":3}},"8":{"start":{"line":22,"column":4},"end":{"line":22,"column":null}},"9":{"start":{"line":26,"column":28},"end":{"line":37,"column":null}},"10":{"start":{"line":26,"column":39},"end":{"line":37,"column":null}},"11":{"start":{"line":27,"column":4},"end":{"line":36,"column":null}},"12":{"start":{"line":29,"column":6},"end":{"line":29,"column":null}},"13":{"start":{"line":31,"column":6},"end":{"line":31,"column":null}},"14":{"start":{"line":34,"column":28},"end":{"line":34,"column":51}},"15":{"start":{"line":35,"column":6},"end":{"line":35,"column":null}},"16":{"start":{"line":40,"column":30},"end":{"line":83,"column":null}},"17":{"start":{"line":40,"column":69},"end":{"line":83,"column":null}},"18":{"start":{"line":42,"column":4},"end":{"line":42,"column":null}},"19":{"start":{"line":45,"column":17},"end":{"line":45,"column":32}},"20":{"start":{"line":46,"column":19},"end":{"line":46,"column":78}},"21":{"start":{"line":47,"column":22},"end":{"line":47,"column":84}},"22":{"start":{"line":49,"column":4},"end":{"line":82,"column":null}},"23":{"start":{"line":51,"column":6},"end":{"line":61,"column":null}},"24":{"start":{"line":53,"column":8},"end":{"line":53,"column":null}},"25":{"start":{"line":55,"column":8},"end":{"line":55,"column":null}},"26":{"start":{"line":56,"column":8},"end":{"line":56,"column":null}},"27":{"start":{"line":59,"column":30},"end":{"line":59,"column":53}},"28":{"start":{"line":60,"column":8},"end":{"line":60,"column":null}},"29":{"start":{"line":64,"column":31},"end":{"line":64,"column":101}},"30":{"start":{"line":66,"column":6},"end":{"line":69,"column":null}},"31":{"start":{"line":67,"column":8},"end":{"line":67,"column":null}},"32":{"start":{"line":68,"column":8},"end":{"line":68,"column":null}},"33":{"start":{"line":71,"column":6},"end":{"line":81,"column":null}},"34":{"start":{"line":73,"column":8},"end":{"line":73,"column":null}},"35":{"start":{"line":74,"column":8},"end":{"line":74,"column":null}},"36":{"start":{"line":76,"column":8},"end":{"line":76,"column":null}},"37":{"start":{"line":79,"column":30},"end":{"line":79,"column":53}},"38":{"start":{"line":80,"column":8},"end":{"line":80,"column":null}},"39":{"start":{"line":85,"column":2},"end":{"line":221,"column":null}}},"fnMap":{"0":{"name":"Login","decl":{"start":{"line":14,"column":24},"end":{"line":14,"column":29}},"loc":{"start":{"line":14,"column":29},"end":{"line":223,"column":null}}},"1":{"name":"(anonymous_8)","decl":{"start":{"line":21,"column":22},"end":{"line":21,"column":27}},"loc":{"start":{"line":21,"column":27},"end":{"line":23,"column":3}}},"2":{"name":"(anonymous_9)","decl":{"start":{"line":26,"column":28},"end":{"line":26,"column":39}},"loc":{"start":{"line":26,"column":39},"end":{"line":37,"column":null}}},"3":{"name":"(anonymous_10)","decl":{"start":{"line":26,"column":39},"end":{"line":26,"column":null}},"loc":{"start":{"line":26,"column":39},"end":{"line":37,"column":3}}},"4":{"name":"(anonymous_11)","decl":{"start":{"line":40,"column":30},"end":{"line":40,"column":65}},"loc":{"start":{"line":40,"column":69},"end":{"line":83,"column":null}}},"5":{"name":"(anonymous_12)","decl":{"start":{"line":40,"column":69},"end":{"line":40,"column":null}},"loc":{"start":{"line":40,"column":69},"end":{"line":83,"column":3}}}},"branchMap":{"0":{"loc":{"start":{"line":49,"column":4},"end":{"line":82,"column":null}},"type":"if","locations":[{"start":{"line":49,"column":4},"end":{"line":82,"column":null}},{"start":{"line":62,"column":11},"end":{"line":82,"column":null}}]},"1":{"loc":{"start":{"line":66,"column":6},"end":{"line":69,"column":null}},"type":"if","locations":[{"start":{"line":66,"column":6},"end":{"line":69,"column":null}}]},"2":{"loc":{"start":{"line":90,"column":11},"end":{"line":90,"column":60}},"type":"cond-expr","locations":[{"start":{"line":90,"column":21},"end":{"line":90,"column":37}},{"start":{"line":90,"column":40},"end":{"line":90,"column":60}}]},"3":{"loc":{"start":{"line":93,"column":9},"end":{"line":205,"column":null}},"type":"cond-expr","locations":[{"start":{"line":95,"column":10},"end":{"line":142,"column":null}},{"start":{"line":146,"column":10},"end":{"line":205,"column":null}}]},"4":{"loc":{"start":{"line":211,"column":11},"end":{"line":211,"column":73}},"type":"cond-expr","locations":[{"start":{"line":211,"column":21},"end":{"line":211,"column":44}},{"start":{"line":211,"column":47},"end":{"line":211,"column":73}}]},"5":{"loc":{"start":{"line":217,"column":13},"end":{"line":217,"column":49}},"type":"cond-expr","locations":[{"start":{"line":217,"column":23},"end":{"line":217,"column":39}},{"start":{"line":217,"column":42},"end":{"line":217,"column":49}}]}},"s":{"0":0,"1":0,"2":0,"3":0,"4":0,"5":0,"6":0,"7":0,"8":0,"9":0,"10":0,"11":0,"12":0,"13":0,"14":0,"15":0,"16":0,"17":0,"18":0,"19":0,"20":0,"21":0,"22":0,"23":0,"24":0,"25":0,"26":0,"27":0,"28":0,"29":0,"30":0,"31":0,"32":0,"33":0,"34":0,"35":0,"36":0,"37":0,"38":0,"39":0},"f":{"0":0,"1":0,"2":0,"3":0,"4":0,"5":0},"b":{"0":[0,0],"1":[0],"2":[0,0],"3":[0,0],"4":[0,0],"5":[0,0]}}
,"C:\\Users\\nawal\\OneDrive\\FALL 24\\SE\\Style\\src\\app\\backend\\page.tsx": {"path":"C:\\Users\\nawal\\OneDrive\\FALL 24\\SE\\Style\\src\\app\\backend\\page.tsx","statementMap":{"0":{"start":{"line":2,"column":0},"end":{"line":2,"column":null}},"1":{"start":{"line":5,"column":15},"end":{"line":23,"column":1}},"2":{"start":{"line":6,"column":34},"end":{"line":6,"column":46}},"3":{"start":{"line":9,"column":4},"end":{"line":15,"column":null}},"4":{"start":{"line":11,"column":8},"end":{"line":14,"column":null}},"5":{"start":{"line":12,"column":30},"end":{"line":12,"column":45}},"6":{"start":{"line":13,"column":26},"end":{"line":13,"column":50}},"7":{"start":{"line":14,"column":28},"end":{"line":14,"column":72}},"8":{"start":{"line":18,"column":4},"end":{"line":21,"column":null}},"9":{"start":{"line":24,"column":0},"end":{"line":24,"column":null}}},"fnMap":{"0":{"name":"(anonymous_0)","decl":{"start":{"line":5,"column":15},"end":{"line":5,"column":20}},"loc":{"start":{"line":5,"column":20},"end":{"line":23,"column":1}}},"1":{"name":"(anonymous_1)","decl":{"start":{"line":9,"column":14},"end":{"line":9,"column":19}},"loc":{"start":{"line":9,"column":19},"end":{"line":15,"column":5}}},"2":{"name":"(anonymous_2)","decl":{"start":{"line":12,"column":18},"end":{"line":12,"column":26}},"loc":{"start":{"line":12,"column":30},"end":{"line":12,"column":45}}},"3":{"name":"(anonymous_3)","decl":{"start":{"line":13,"column":18},"end":{"line":13,"column":22}},"loc":{"start":{"line":13,"column":26},"end":{"line":13,"column":50}}},"4":{"name":"(anonymous_4)","decl":{"start":{"line":14,"column":19},"end":{"line":14,"column":24}},"loc":{"start":{"line":14,"column":28},"end":{"line":14,"column":72}}}},"branchMap":{},"s":{"0":0,"1":0,"2":0,"3":0,"4":0,"5":0,"6":0,"7":0,"8":0,"9":0},"f":{"0":0,"1":0,"2":0,"3":0,"4":0},"b":{}}
,"C:\\Users\\nawal\\OneDrive\\FALL 24\\SE\\Style\\src\\app\\clients\\page.tsx": {"path":"C:\\Users\\nawal\\OneDrive\\FALL 24\\SE\\Style\\src\\app\\clients\\page.tsx","statementMap":{"0":{"start":{"line":5,"column":0},"end":{"line":5,"column":null}},"1":{"start":{"line":7,"column":0},"end":{"line":7,"column":null}},"2":{"start":{"line":9,"column":26},"end":{"line":42,"column":1}},"3":{"start":{"line":10,"column":19},"end":{"line":10,"column":30}},"4":{"start":{"line":13,"column":21},"end":{"line":17,"column":null}},"5":{"start":{"line":20,"column":4},"end":{"line":40,"column":null}},"6":{"start":{"line":31,"column":24},"end":{"line":31,"column":46}},"7":{"start":{"line":43,"column":0},"end":{"line":43,"column":null}}},"fnMap":{"0":{"name":"(anonymous_1)","decl":{"start":{"line":9,"column":26},"end":{"line":9,"column":31}},"loc":{"start":{"line":9,"column":31},"end":{"line":42,"column":1}}},"1":{"name":"(anonymous_2)","decl":{"start":{"line":30,"column":34},"end":{"line":30,"column":41}},"loc":{"start":{"line":31,"column":24},"end":{"line":31,"column":46}}}},"branchMap":{},"s":{"0":0,"1":0,"2":0,"3":0,"4":0,"5":0,"6":0,"7":0},"f":{"0":0,"1":0},"b":{}}
,"C:\\Users\\nawal\\OneDrive\\FALL 24\\SE\\Style\\src\\app\\components\\navigationbar.tsx": {"path":"C:\\Users\\nawal\\OneDrive\\FALL 24\\SE\\Style\\src\\app\\components\\navigationbar.tsx","statementMap":{"0":{"start":{"line":8,"column":0},"end":{"line":8,"column":24}},"1":{"start":{"line":3,"column":0},"end":{"line":3,"column":null}},"2":{"start":{"line":4,"column":0},"end":{"line":4,"column":null}},"3":{"start":{"line":5,"column":0},"end":{"line":5,"column":null}},"4":{"start":{"line":6,"column":0},"end":{"line":6,"column":null}},"5":{"start":{"line":9,"column":17},"end":{"line":9,"column":28}},"6":{"start":{"line":10,"column":26},"end":{"line":10,"column":45}},"7":{"start":{"line":11,"column":26},"end":{"line":11,"column":46}},"8":{"start":{"line":12,"column":36},"end":{"line":12,"column":50}},"9":{"start":{"line":13,"column":44},"end":{"line":13,"column":59}},"10":{"start":{"line":15,"column":2},"end":{"line":27,"column":null}},"11":{"start":{"line":16,"column":4},"end":{"line":19,"column":null}},"12":{"start":{"line":17,"column":23},"end":{"line":17,"column":51}},"13":{"start":{"line":18,"column":6},"end":{"line":18,"column":null}},"14":{"start":{"line":20,"column":24},"end":{"line":24,"column":6}},"15":{"start":{"line":21,"column":6},"end":{"line":21,"column":null}},"16":{"start":{"line":22,"column":6},"end":{"line":22,"column":null}},"17":{"start":{"line":23,"column":6},"end":{"line":23,"column":null}},"18":{"start":{"line":26,"column":4},"end":{"line":26,"column":null}},"19":{"start":{"line":26,"column":17},"end":{"line":26,"column":30}},"20":{"start":{"line":28,"column":23},"end":{"line":33,"column":3}},"21":{"start":{"line":29,"column":4},"end":{"line":29,"column":null}},"22":{"start":{"line":30,"column":4},"end":{"line":30,"column":null}},"23":{"start":{"line":31,"column":4},"end":{"line":31,"column":null}},"24":{"start":{"line":32,"column":4},"end":{"line":32,"column":null}},"25":{"start":{"line":34,"column":2},"end":{"line":36,"column":null}},"26":{"start":{"line":35,"column":4},"end":{"line":35,"column":null}},"27":{"start":{"line":38,"column":2},"end":{"line":91,"column":null}},"28":{"start":{"line":42,"column":33},"end":{"line":42,"column":57}},"29":{"start":{"line":48,"column":37},"end":{"line":48,"column":62}},"30":{"start":{"line":51,"column":37},"end":{"line":51,"column":60}},"31":{"start":{"line":59,"column":37},"end":{"line":59,"column":65}},"32":{"start":{"line":62,"column":37},"end":{"line":62,"column":64}},"33":{"start":{"line":68,"column":33},"end":{"line":68,"column":57}},"34":{"start":{"line":81,"column":16},"end":{"line":83,"column":null}}},"fnMap":{"0":{"name":"Navbar","decl":{"start":{"line":8,"column":24},"end":{"line":8,"column":30}},"loc":{"start":{"line":8,"column":30},"end":{"line":93,"column":null}}},"1":{"name":"(anonymous_1)","decl":{"start":{"line":15,"column":12},"end":{"line":15,"column":17}},"loc":{"start":{"line":15,"column":17},"end":{"line":27,"column":3}}},"2":{"name":"(anonymous_2)","decl":{"start":{"line":20,"column":49},"end":{"line":20,"column":60}},"loc":{"start":{"line":20,"column":64},"end":{"line":24,"column":5}}},"3":{"name":"(anonymous_3)","decl":{"start":{"line":26,"column":11},"end":{"line":26,"column":17}},"loc":{"start":{"line":26,"column":17},"end":{"line":26,"column":30}}},"4":{"name":"(anonymous_4)","decl":{"start":{"line":28,"column":23},"end":{"line":28,"column":28}},"loc":{"start":{"line":28,"column":28},"end":{"line":33,"column":3}}},"5":{"name":"(anonymous_5)","decl":{"start":{"line":42,"column":27},"end":{"line":42,"column":33}},"loc":{"start":{"line":42,"column":33},"end":{"line":42,"column":57}}},"6":{"name":"(anonymous_6)","decl":{"start":{"line":48,"column":31},"end":{"line":48,"column":37}},"loc":{"start":{"line":48,"column":37},"end":{"line":48,"column":62}}},"7":{"name":"(anonymous_7)","decl":{"start":{"line":51,"column":31},"end":{"line":51,"column":37}},"loc":{"start":{"line":51,"column":37},"end":{"line":51,"column":60}}},"8":{"name":"(anonymous_8)","decl":{"start":{"line":59,"column":31},"end":{"line":59,"column":37}},"loc":{"start":{"line":59,"column":37},"end":{"line":59,"column":65}}},"9":{"name":"(anonymous_9)","decl":{"start":{"line":62,"column":31},"end":{"line":62,"column":37}},"loc":{"start":{"line":62,"column":37},"end":{"line":62,"column":64}}},"10":{"name":"(anonymous_10)","decl":{"start":{"line":68,"column":27},"end":{"line":68,"column":33}},"loc":{"start":{"line":68,"column":33},"end":{"line":68,"column":57}}},"11":{"name":"(anonymous_11)","decl":{"start":{"line":80,"column":23},"end":{"line":80,"column":28}},"loc":{"start":{"line":80,"column":28},"end":{"line":84,"column":15}}}},"branchMap":{"0":{"loc":{"start":{"line":16,"column":4},"end":{"line":19,"column":null}},"type":"if","locations":[{"start":{"line":16,"column":4},"end":{"line":19,"column":null}}]},"1":{"loc":{"start":{"line":18,"column":14},"end":{"line":18,"column":28}},"type":"binary-expr","locations":[{"start":{"line":18,"column":14},"end":{"line":18,"column":22}},{"start":{"line":18,"column":26},"end":{"line":18,"column":28}}]},"2":{"loc":{"start":{"line":34,"column":2},"end":{"line":36,"column":null}},"type":"if","locations":[{"start":{"line":34,"column":2},"end":{"line":36,"column":null}}]},"3":{"loc":{"start":{"line":34,"column":6},"end":{"line":34,"column":33}},"type":"binary-expr","locations":[{"start":{"line":34,"column":6},"end":{"line":34,"column":15}},{"start":{"line":34,"column":19},"end":{"line":34,"column":33}}]},"4":{"loc":{"start":{"line":45,"column":9},"end":{"line":52,"column":null}},"type":"binary-expr","locations":[{"start":{"line":45,"column":9},"end":{"line":45,"column":26}},{"start":{"line":46,"column":10},"end":{"line":52,"column":null}}]},"5":{"loc":{"start":{"line":56,"column":9},"end":{"line":63,"column":null}},"type":"binary-expr","locations":[{"start":{"line":56,"column":9},"end":{"line":56,"column":28}},{"start":{"line":57,"column":10},"end":{"line":63,"column":null}}]},"6":{"loc":{"start":{"line":71,"column":9},"end":{"line":87,"column":null}},"type":"cond-expr","locations":[{"start":{"line":72,"column":10},"end":{"line":75,"column":null}},{"start":{"line":78,"column":10},"end":{"line":87,"column":null}}]},"7":{"loc":{"start":{"line":81,"column":16},"end":{"line":83,"column":49}},"type":"cond-expr","locations":[{"start":{"line":82,"column":20},"end":{"line":82,"column":47}},{"start":{"line":83,"column":20},"end":{"line":83,"column":49}}]}},"s":{"0":0,"1":0,"2":0,"3":0,"4":0,"5":0,"6":0,"7":0,"8":0,"9":0,"10":0,"11":0,"12":0,"13":0,"14":0,"15":0,"16":0,"17":0,"18":0,"19":0,"20":0,"21":0,"22":0,"23":0,"24":0,"25":0,"26":0,"27":0,"28":0,"29":0,"30":0,"31":0,"32":0,"33":0,"34":0},"f":{"0":0,"1":0,"2":0,"3":0,"4":0,"5":0,"6":0,"7":0,"8":0,"9":0,"10":0,"11":0},"b":{"0":[0],"1":[0,0],"2":[0],"3":[0,0],"4":[0,0],"5":[0,0],"6":[0,0],"7":[0,0]}}
,"C:\\Users\\nawal\\OneDrive\\FALL 24\\SE\\Style\\src\\app\\components\\socialmediainput.tsx": {"path":"C:\\Users\\nawal\\OneDrive\\FALL 24\\SE\\Style\\src\\app\\components\\socialmediainput.tsx","statementMap":{"0":{"start":{"line":9,"column":25},"end":{"line":49,"column":1}},"1":{"start":{"line":10,"column":2},"end":{"line":48,"column":null}},"2":{"start":{"line":12,"column":6},"end":{"line":27,"column":null}},"3":{"start":{"line":30,"column":6},"end":{"line":35,"column":null}},"4":{"start":{"line":38,"column":6},"end":{"line":44,"column":null}},"5":{"start":{"line":47,"column":6},"end":{"line":47,"column":null}},"6":{"start":{"line":51,"column":58},"end":{"line":68,"column":1}},"7":{"start":{"line":52,"column":2},"end":{"line":66,"column":null}},"8":{"start":{"line":62,"column":27},"end":{"line":62,"column":54}},"9":{"start":{"line":70,"column":0},"end":{"line":70,"column":null}}},"fnMap":{"0":{"name":"(anonymous_0)","decl":{"start":{"line":9,"column":25},"end":{"line":9,"column":41}},"loc":{"start":{"line":9,"column":45},"end":{"line":49,"column":1}}},"1":{"name":"(anonymous_1)","decl":{"start":{"line":51,"column":58},"end":{"line":51,"column":59}},"loc":{"start":{"line":51,"column":93},"end":{"line":68,"column":1}}},"2":{"name":"(anonymous_2)","decl":{"start":{"line":62,"column":21},"end":{"line":62,"column":22}},"loc":{"start":{"line":62,"column":27},"end":{"line":62,"column":54}}}},"branchMap":{"0":{"loc":{"start":{"line":10,"column":2},"end":{"line":48,"column":null}},"type":"switch","locations":[{"start":{"line":11,"column":4},"end":{"line":27,"column":null}},{"start":{"line":29,"column":4},"end":{"line":35,"column":null}},{"start":{"line":37,"column":4},"end":{"line":44,"column":null}},{"start":{"line":46,"column":4},"end":{"line":47,"column":null}}]}},"s":{"0":0,"1":0,"2":0,"3":0,"4":0,"5":0,"6":0,"7":0,"8":0,"9":0},"f":{"0":0,"1":0,"2":0},"b":{"0":[0,0,0,0]}}
,"C:\\Users\\nawal\\OneDrive\\FALL 24\\SE\\Style\\src\\app\\components\\ui\\card.tsx": {"path":"C:\\Users\\nawal\\OneDrive\\FALL 24\\SE\\Style\\src\\app\\components\\ui\\card.tsx","statementMap":{"0":{"start":{"line":16,"column":34},"end":{"line":67,"column":1}},"1":{"start":{"line":25,"column":22},"end":{"line":29,"column":3}},"2":{"start":{"line":26,"column":4},"end":{"line":28,"column":null}},"3":{"start":{"line":27,"column":6},"end":{"line":27,"column":null}},"4":{"start":{"line":30,"column":2},"end":{"line":65,"column":null}},"5":{"start":{"line":45,"column":14},"end":{"line":45,"column":31}},"6":{"start":{"line":53,"column":18},"end":{"line":53,"column":null}},"7":{"start":{"line":69,"column":0},"end":{"line":69,"column":null}}},"fnMap":{"0":{"name":"(anonymous_0)","decl":{"start":{"line":16,"column":34},"end":{"line":16,"column":35}},"loc":{"start":{"line":24,"column":5},"end":{"line":67,"column":1}}},"1":{"name":"(anonymous_1)","decl":{"start":{"line":25,"column":22},"end":{"line":25,"column":27}},"loc":{"start":{"line":25,"column":27},"end":{"line":29,"column":3}}},"2":{"name":"(anonymous_2)","decl":{"start":{"line":44,"column":26},"end":{"line":44,"column":27}},"loc":{"start":{"line":45,"column":14},"end":{"line":45,"column":31}}},"3":{"name":"(anonymous_3)","decl":{"start":{"line":52,"column":33},"end":{"line":52,"column":34}},"loc":{"start":{"line":53,"column":18},"end":{"line":53,"column":null}}}},"branchMap":{"0":{"loc":{"start":{"line":26,"column":4},"end":{"line":28,"column":null}},"type":"if","locations":[{"start":{"line":26,"column":4},"end":{"line":28,"column":null}}]},"1":{"loc":{"start":{"line":34,"column":11},"end":{"line":35,"column":null}},"type":"binary-expr","locations":[{"start":{"line":34,"column":11},"end":{"line":34,"column":28}},{"start":{"line":35,"column":12},"end":{"line":35,"column":null}}]},"2":{"loc":{"start":{"line":48,"column":11},"end":{"line":59,"column":null}},"type":"binary-expr","locations":[{"start":{"line":48,"column":11},"end":{"line":48,"column":22}},{"start":{"line":48,"column":26},"end":{"line":48,"column":48}},{"start":{"line":49,"column":12},"end":{"line":59,"column":null}}]}},"s":{"0":0,"1":0,"2":0,"3":0,"4":0,"5":0,"6":0,"7":0},"f":{"0":0,"1":0,"2":0,"3":0},"b":{"0":[0],"1":[0,0],"2":[0,0,0]}}
,"C:\\Users\\nawal\\OneDrive\\FALL 24\\SE\\Style\\src\\app\\customerlogin\\page.tsx": {"path":"C:\\Users\\nawal\\OneDrive\\FALL 24\\SE\\Style\\src\\app\\customerlogin\\page.tsx","statementMap":{"0":{"start":{"line":14,"column":0},"end":{"line":14,"column":24}},"1":{"start":{"line":4,"column":0},"end":{"line":4,"column":null}},"2":{"start":{"line":5,"column":0},"end":{"line":5,"column":null}},"3":{"start":{"line":6,"column":0},"end":{"line":6,"column":null}},"4":{"start":{"line":11,"column":0},"end":{"line":11,"column":null}},"5":{"start":{"line":16,"column":32},"end":{"line":16,"column":46}},"6":{"start":{"line":18,"column":17},"end":{"line":18,"column":28}},"7":{"start":{"line":21,"column":22},"end":{"line":24,"column":3}},"8":{"start":{"line":23,"column":4},"end":{"line":23,"column":null}},"9":{"start":{"line":27,"column":28},"end":{"line":38,"column":null}},"10":{"start":{"line":27,"column":39},"end":{"line":38,"column":null}},"11":{"start":{"line":28,"column":4},"end":{"line":37,"column":null}},"12":{"start":{"line":30,"column":6},"end":{"line":30,"column":null}},"13":{"start":{"line":32,"column":6},"end":{"line":32,"column":null}},"14":{"start":{"line":35,"column":28},"end":{"line":35,"column":51}},"15":{"start":{"line":36,"column":6},"end":{"line":36,"column":null}},"16":{"start":{"line":41,"column":30},"end":{"line":84,"column":null}},"17":{"start":{"line":41,"column":69},"end":{"line":84,"column":null}},"18":{"start":{"line":43,"column":4},"end":{"line":43,"column":null}},"19":{"start":{"line":46,"column":17},"end":{"line":46,"column":32}},"20":{"start":{"line":47,"column":19},"end":{"line":47,"column":78}},"21":{"start":{"line":48,"column":22},"end":{"line":48,"column":84}},"22":{"start":{"line":50,"column":4},"end":{"line":83,"column":null}},"23":{"start":{"line":52,"column":6},"end":{"line":62,"column":null}},"24":{"start":{"line":54,"column":8},"end":{"line":54,"column":null}},"25":{"start":{"line":56,"column":8},"end":{"line":56,"column":null}},"26":{"start":{"line":57,"column":8},"end":{"line":57,"column":null}},"27":{"start":{"line":60,"column":30},"end":{"line":60,"column":53}},"28":{"start":{"line":61,"column":8},"end":{"line":61,"column":null}},"29":{"start":{"line":65,"column":31},"end":{"line":65,"column":101}},"30":{"start":{"line":67,"column":6},"end":{"line":70,"column":null}},"31":{"start":{"line":68,"column":8},"end":{"line":68,"column":null}},"32":{"start":{"line":69,"column":8},"end":{"line":69,"column":15}},"33":{"start":{"line":72,"column":6},"end":{"line":82,"column":null}},"34":{"start":{"line":74,"column":8},"end":{"line":74,"column":null}},"35":{"start":{"line":75,"column":8},"end":{"line":75,"column":null}},"36":{"start":{"line":77,"column":8},"end":{"line":77,"column":null}},"37":{"start":{"line":80,"column":30},"end":{"line":80,"column":53}},"38":{"start":{"line":81,"column":8},"end":{"line":81,"column":null}},"39":{"start":{"line":86,"column":2},"end":{"line":222,"column":null}}},"fnMap":{"0":{"name":"CustomerLogin","decl":{"start":{"line":14,"column":24},"end":{"line":14,"column":37}},"loc":{"start":{"line":14,"column":37},"end":{"line":224,"column":null}}},"1":{"name":"(anonymous_8)","decl":{"start":{"line":21,"column":22},"end":{"line":21,"column":27}},"loc":{"start":{"line":21,"column":27},"end":{"line":24,"column":3}}},"2":{"name":"(anonymous_9)","decl":{"start":{"line":27,"column":28},"end":{"line":27,"column":39}},"loc":{"start":{"line":27,"column":39},"end":{"line":38,"column":null}}},"3":{"name":"(anonymous_10)","decl":{"start":{"line":27,"column":39},"end":{"line":27,"column":null}},"loc":{"start":{"line":27,"column":39},"end":{"line":38,"column":3}}},"4":{"name":"(anonymous_11)","decl":{"start":{"line":41,"column":30},"end":{"line":41,"column":65}},"loc":{"start":{"line":41,"column":69},"end":{"line":84,"column":null}}},"5":{"name":"(anonymous_12)","decl":{"start":{"line":41,"column":69},"end":{"line":41,"column":null}},"loc":{"start":{"line":41,"column":69},"end":{"line":84,"column":3}}}},"branchMap":{"0":{"loc":{"start":{"line":50,"column":4},"end":{"line":83,"column":null}},"type":"if","locations":[{"start":{"line":50,"column":4},"end":{"line":83,"column":null}},{"start":{"line":63,"column":11},"end":{"line":83,"column":null}}]},"1":{"loc":{"start":{"line":67,"column":6},"end":{"line":70,"column":null}},"type":"if","locations":[{"start":{"line":67,"column":6},"end":{"line":70,"column":null}}]},"2":{"loc":{"start":{"line":91,"column":11},"end":{"line":91,"column":60}},"type":"cond-expr","locations":[{"start":{"line":91,"column":21},"end":{"line":91,"column":37}},{"start":{"line":91,"column":40},"end":{"line":91,"column":60}}]},"3":{"loc":{"start":{"line":94,"column":9},"end":{"line":206,"column":null}},"type":"cond-expr","locations":[{"start":{"line":96,"column":10},"end":{"line":143,"column":null}},{"start":{"line":147,"column":10},"end":{"line":206,"column":null}}]},"4":{"loc":{"start":{"line":212,"column":11},"end":{"line":212,"column":73}},"type":"cond-expr","locations":[{"start":{"line":212,"column":21},"end":{"line":212,"column":44}},{"start":{"line":212,"column":47},"end":{"line":212,"column":73}}]},"5":{"loc":{"start":{"line":218,"column":13},"end":{"line":218,"column":49}},"type":"cond-expr","locations":[{"start":{"line":218,"column":23},"end":{"line":218,"column":39}},{"start":{"line":218,"column":42},"end":{"line":218,"column":49}}]}},"s":{"0":0,"1":0,"2":0,"3":0,"4":0,"5":0,"6":0,"7":0,"8":0,"9":0,"10":0,"11":0,"12":0,"13":0,"14":0,"15":0,"16":0,"17":0,"18":0,"19":0,"20":0,"21":0,"22":0,"23":0,"24":0,"25":0,"26":0,"27":0,"28":0,"29":0,"30":0,"31":0,"32":0,"33":0,"34":0,"35":0,"36":0,"37":0,"38":0,"39":0},"f":{"0":0,"1":0,"2":0,"3":0,"4":0,"5":0},"b":{"0":[0,0],"1":[0],"2":[0,0],"3":[0,0],"4":[0,0],"5":[0,0]}}
,"C:\\Users\\nawal\\OneDrive\\FALL 24\\SE\\Style\\src\\app\\hair\\page.tsx": {"path":"C:\\Users\\nawal\\OneDrive\\FALL 24\\SE\\Style\\src\\app\\hair\\page.tsx","statementMap":{"0":{"start":{"line":7,"column":0},"end":{"line":7,"column":24}},"1":{"start":{"line":3,"column":0},"end":{"line":3,"column":null}},"2":{"start":{"line":4,"column":0},"end":{"line":4,"column":null}},"3":{"start":{"line":5,"column":0},"end":{"line":5,"column":null}},"4":{"start":{"line":9,"column":17},"end":{"line":9,"column":28}},"5":{"start":{"line":10,"column":25},"end":{"line":18,"column":null}},"6":{"start":{"line":21,"column":27},"end":{"line":23,"column":3}},"7":{"start":{"line":22,"column":4},"end":{"line":22,"column":null}},"8":{"start":{"line":25,"column":2},"end":{"line":46,"column":null}},"9":{"start":{"line":31,"column":12},"end":{"line":32,"column":null}}},"fnMap":{"0":{"name":"HairStylists","decl":{"start":{"line":7,"column":24},"end":{"line":7,"column":36}},"loc":{"start":{"line":7,"column":36},"end":{"line":48,"column":null}}},"1":{"name":"(anonymous_2)","decl":{"start":{"line":21,"column":27},"end":{"line":21,"column":47}},"loc":{"start":{"line":21,"column":51},"end":{"line":23,"column":3}}},"2":{"name":"(anonymous_3)","decl":{"start":{"line":30,"column":29},"end":{"line":30,"column":30}},"loc":{"start":{"line":31,"column":12},"end":{"line":32,"column":null}}}},"branchMap":{"0":{"loc":{"start":{"line":29,"column":9},"end":{"line":43,"column":null}},"type":"cond-expr","locations":[{"start":{"line":30,"column":10},"end":{"line":41,"column":12}},{"start":{"line":43,"column":10},"end":{"line":43,"column":null}}]}},"s":{"0":0,"1":0,"2":0,"3":0,"4":0,"5":0,"6":0,"7":0,"8":0,"9":0},"f":{"0":0,"1":0,"2":0},"b":{"0":[0,0]}}
,"C:\\Users\\nawal\\OneDrive\\FALL 24\\SE\\Style\\src\\app\\helppage\\page.tsx": {"path":"C:\\Users\\nawal\\OneDrive\\FALL 24\\SE\\Style\\src\\app\\helppage\\page.tsx","statementMap":{"0":{"start":{"line":6,"column":0},"end":{"line":6,"column":null}},"1":{"start":{"line":15,"column":24},"end":{"line":23,"column":null}},"2":{"start":{"line":27,"column":17},"end":{"line":55,"column":1}},"3":{"start":{"line":28,"column":19},"end":{"line":28,"column":30}},"4":{"start":{"line":29,"column":4},"end":{"line":53,"column":null}},"5":{"start":{"line":38,"column":28},"end":{"line":38,"column":44}},"6":{"start":{"line":57,"column":0},"end":{"line":57,"column":null}}},"fnMap":{"0":{"name":"(anonymous_0)","decl":{"start":{"line":27,"column":17},"end":{"line":27,"column":22}},"loc":{"start":{"line":27,"column":22},"end":{"line":55,"column":1}}},"1":{"name":"(anonymous_1)","decl":{"start":{"line":37,"column":34},"end":{"line":37,"column":35}},"loc":{"start":{"line":38,"column":28},"end":{"line":38,"column":44}}}},"branchMap":{},"s":{"0":1,"1":1,"2":1,"3":25,"4":0,"5":0,"6":1},"f":{"0":25,"1":0},"b":{}}
,"C:\\Users\\nawal\\OneDrive\\FALL 24\\SE\\Style\\src\\app\\login\\page.tsx": {"path":"C:\\Users\\nawal\\OneDrive\\FALL 24\\SE\\Style\\src\\app\\login\\page.tsx","statementMap":{"0":{"start":{"line":9,"column":0},"end":{"line":9,"column":24}},"1":{"start":{"line":5,"column":0},"end":{"line":5,"column":null}},"2":{"start":{"line":6,"column":0},"end":{"line":6,"column":null}},"3":{"start":{"line":7,"column":0},"end":{"line":7,"column":null}},"4":{"start":{"line":10,"column":32},"end":{"line":10,"column":46}},"5":{"start":{"line":11,"column":28},"end":{"line":11,"column":40}},"6":{"start":{"line":12,"column":17},"end":{"line":12,"column":28}},"7":{"start":{"line":13,"column":26},"end":{"line":17,"column":4}},"8":{"start":{"line":19,"column":2},"end":{"line":24,"column":null}},"9":{"start":{"line":20,"column":23},"end":{"line":20,"column":61}},"10":{"start":{"line":21,"column":4},"end":{"line":23,"column":null}},"11":{"start":{"line":22,"column":6},"end":{"line":22,"column":null}},"12":{"start":{"line":26,"column":25},"end":{"line":65,"column":null}},"13":{"start":{"line":26,"column":47},"end":{"line":65,"column":null}},"14":{"start":{"line":27,"column":4},"end":{"line":27,"column":23}},"15":{"start":{"line":28,"column":4},"end":{"line":64,"column":null}},"16":{"start":{"line":29,"column":23},"end":{"line":29,"column":65}},"17":{"start":{"line":30,"column":6},"end":{"line":30,"column":null}},"18":{"start":{"line":32,"column":6},"end":{"line":36,"column":null}},"19":{"start":{"line":33,"column":8},"end":{"line":33,"column":null}},"20":{"start":{"line":35,"column":8},"end":{"line":35,"column":null}},"21":{"start":{"line":39,"column":6},"end":{"line":39,"column":null}},"22":{"start":{"line":42,"column":6},"end":{"line":63,"column":null}},"23":{"start":{"line":43,"column":8},"end":{"line":43,"column":null}},"24":{"start":{"line":44,"column":8},"end":{"line":59,"column":null}},"25":{"start":{"line":46,"column":12},"end":{"line":46,"column":null}},"26":{"start":{"line":47,"column":12},"end":{"line":47,"column":null}},"27":{"start":{"line":49,"column":12},"end":{"line":49,"column":null}},"28":{"start":{"line":50,"column":12},"end":{"line":50,"column":null}},"29":{"start":{"line":52,"column":12},"end":{"line":52,"column":null}},"30":{"start":{"line":53,"column":12},"end":{"line":53,"column":null}},"31":{"start":{"line":55,"column":12},"end":{"line":55,"column":null}},"32":{"start":{"line":56,"column":12},"end":{"line":56,"column":null}},"33":{"start":{"line":58,"column":12},"end":{"line":58,"column":null}},"34":{"start":{"line":61,"column":8},"end":{"line":61,"column":null}},"35":{"start":{"line":62,"column":8},"end":{"line":62,"column":null}},"36":{"start":{"line":67,"column":29},"end":{"line":70,"column":3}},"37":{"start":{"line":68,"column":28},"end":{"line":68,"column":36}},"38":{"start":{"line":69,"column":4},"end":{"line":69,"column":null}},"39":{"start":{"line":69,"column":22},"end":{"line":69,"column":50}},"40":{"start":{"line":72,"column":2},"end":{"line":129,"column":null}},"41":{"start":{"line":112,"column":30},"end":{"line":112,"column":92}},"42":{"start":{"line":112,"column":48},"end":{"line":112,"column":91}},"43":{"start":{"line":124,"column":37},"end":{"line":124,"column":57}}},"fnMap":{"0":{"name":"Login","decl":{"start":{"line":9,"column":24},"end":{"line":9,"column":29}},"loc":{"start":{"line":9,"column":29},"end":{"line":131,"column":null}}},"1":{"name":"(anonymous_9)","decl":{"start":{"line":19,"column":12},"end":{"line":19,"column":17}},"loc":{"start":{"line":19,"column":17},"end":{"line":24,"column":3}}},"2":{"name":"(anonymous_10)","decl":{"start":{"line":26,"column":25},"end":{"line":26,"column":43}},"loc":{"start":{"line":26,"column":47},"end":{"line":65,"column":null}}},"3":{"name":"(anonymous_11)","decl":{"start":{"line":26,"column":47},"end":{"line":26,"column":null}},"loc":{"start":{"line":26,"column":47},"end":{"line":65,"column":3}}},"4":{"name":"(anonymous_12)","decl":{"start":{"line":67,"column":29},"end":{"line":67,"column":67}},"loc":{"start":{"line":67,"column":71},"end":{"line":70,"column":3}}},"5":{"name":"(anonymous_13)","decl":{"start":{"line":69,"column":13},"end":{"line":69,"column":17}},"loc":{"start":{"line":69,"column":22},"end":{"line":69,"column":50}}},"6":{"name":"(anonymous_14)","decl":{"start":{"line":112,"column":24},"end":{"line":112,"column":30}},"loc":{"start":{"line":112,"column":30},"end":{"line":112,"column":92}}},"7":{"name":"(anonymous_15)","decl":{"start":{"line":112,"column":39},"end":{"line":112,"column":43}},"loc":{"start":{"line":112,"column":48},"end":{"line":112,"column":91}}},"8":{"name":"(anonymous_16)","decl":{"start":{"line":124,"column":31},"end":{"line":124,"column":37}},"loc":{"start":{"line":124,"column":37},"end":{"line":124,"column":57}}}},"branchMap":{"0":{"loc":{"start":{"line":21,"column":4},"end":{"line":23,"column":null}},"type":"if","locations":[{"start":{"line":21,"column":4},"end":{"line":23,"column":null}}]},"1":{"loc":{"start":{"line":32,"column":6},"end":{"line":36,"column":null}},"type":"if","locations":[{"start":{"line":32,"column":6},"end":{"line":36,"column":null}},{"start":{"line":34,"column":13},"end":{"line":36,"column":null}}]},"2":{"loc":{"start":{"line":42,"column":6},"end":{"line":63,"column":null}},"type":"if","locations":[{"start":{"line":42,"column":6},"end":{"line":63,"column":null}},{"start":{"line":60,"column":13},"end":{"line":63,"column":null}}]},"3":{"loc":{"start":{"line":42,"column":10},"end":{"line":42,"column":53}},"type":"binary-expr","locations":[{"start":{"line":42,"column":10},"end":{"line":42,"column":35}},{"start":{"line":42,"column":39},"end":{"line":42,"column":53}}]},"4":{"loc":{"start":{"line":44,"column":8},"end":{"line":59,"column":null}},"type":"switch","locations":[{"start":{"line":45,"column":10},"end":{"line":47,"column":null}},{"start":{"line":48,"column":10},"end":{"line":50,"column":null}},{"start":{"line":51,"column":10},"end":{"line":53,"column":null}},{"start":{"line":54,"column":10},"end":{"line":56,"column":null}},{"start":{"line":57,"column":10},"end":{"line":58,"column":null}}]},"5":{"loc":{"start":{"line":76,"column":11},"end":{"line":76,"column":60}},"type":"cond-expr","locations":[{"start":{"line":76,"column":21},"end":{"line":76,"column":37}},{"start":{"line":76,"column":40},"end":{"line":76,"column":60}}]},"6":{"loc":{"start":{"line":78,"column":9},"end":{"line":78,"column":57}},"type":"binary-expr","locations":[{"start":{"line":78,"column":9},"end":{"line":78,"column":14}},{"start":{"line":78,"column":18},"end":{"line":78,"column":57}}]},"7":{"loc":{"start":{"line":119,"column":13},"end":{"line":119,"column":49}},"type":"cond-expr","locations":[{"start":{"line":119,"column":23},"end":{"line":119,"column":30}},{"start":{"line":119,"column":33},"end":{"line":119,"column":49}}]},"8":{"loc":{"start":{"line":123,"column":11},"end":{"line":123,"column":68}},"type":"cond-expr","locations":[{"start":{"line":123,"column":21},"end":{"line":123,"column":39}},{"start":{"line":123,"column":42},"end":{"line":123,"column":68}}]},"9":{"loc":{"start":{"line":125,"column":13},"end":{"line":125,"column":49}},"type":"cond-expr","locations":[{"start":{"line":125,"column":23},"end":{"line":125,"column":39}},{"start":{"line":125,"column":42},"end":{"line":125,"column":49}}]}},"s":{"0":0,"1":0,"2":0,"3":0,"4":0,"5":0,"6":0,"7":0,"8":0,"9":0,"10":0,"11":0,"12":0,"13":0,"14":0,"15":0,"16":0,"17":0,"18":0,"19":0,"20":0,"21":0,"22":0,"23":0,"24":0,"25":0,"26":0,"27":0,"28":0,"29":0,"30":0,"31":0,"32":0,"33":0,"34":0,"35":0,"36":0,"37":0,"38":0,"39":0,"40":0,"41":0,"42":0,"43":0},"f":{"0":0,"1":0,"2":0,"3":0,"4":0,"5":0,"6":0,"7":0,"8":0},"b":{"0":[0],"1":[0,0],"2":[0,0],"3":[0,0],"4":[0,0,0,0,0],"5":[0,0],"6":[0,0],"7":[0,0],"8":[0,0],"9":[0,0]}}
,"C:\\Users\\nawal\\OneDrive\\FALL 24\\SE\\Style\\src\\app\\nailsalon\\page.tsx": {"path":"C:\\Users\\nawal\\OneDrive\\FALL 24\\SE\\Style\\src\\app\\nailsalon\\page.tsx","statementMap":{"0":{"start":{"line":7,"column":0},"end":{"line":7,"column":24}},"1":{"start":{"line":3,"column":0},"end":{"line":3,"column":null}},"2":{"start":{"line":4,"column":0},"end":{"line":4,"column":null}},"3":{"start":{"line":5,"column":0},"end":{"line":5,"column":null}},"4":{"start":{"line":8,"column":17},"end":{"line":8,"column":28}},"5":{"start":{"line":9,"column":25},"end":{"line":17,"column":null}},"6":{"start":{"line":21,"column":27},"end":{"line":23,"column":3}},"7":{"start":{"line":22,"column":4},"end":{"line":22,"column":null}},"8":{"start":{"line":25,"column":2},"end":{"line":46,"column":null}},"9":{"start":{"line":31,"column":12},"end":{"line":32,"column":null}}},"fnMap":{"0":{"name":"NailSalonPage","decl":{"start":{"line":7,"column":24},"end":{"line":7,"column":37}},"loc":{"start":{"line":7,"column":37},"end":{"line":48,"column":null}}},"1":{"name":"(anonymous_2)","decl":{"start":{"line":21,"column":27},"end":{"line":21,"column":47}},"loc":{"start":{"line":21,"column":51},"end":{"line":23,"column":3}}},"2":{"name":"(anonymous_3)","decl":{"start":{"line":30,"column":29},"end":{"line":30,"column":30}},"loc":{"start":{"line":31,"column":12},"end":{"line":32,"column":null}}}},"branchMap":{"0":{"loc":{"start":{"line":29,"column":9},"end":{"line":43,"column":null}},"type":"cond-expr","locations":[{"start":{"line":30,"column":10},"end":{"line":41,"column":12}},{"start":{"line":43,"column":10},"end":{"line":43,"column":null}}]}},"s":{"0":0,"1":0,"2":0,"3":0,"4":0,"5":0,"6":0,"7":0,"8":0,"9":0},"f":{"0":0,"1":0,"2":0},"b":{"0":[0,0]}}
,"C:\\Users\\nawal\\OneDrive\\FALL 24\\SE\\Style\\src\\app\\portfolio\\page.tsx": {"path":"C:\\Users\\nawal\\OneDrive\\FALL 24\\SE\\Style\\src\\app\\portfolio\\page.tsx","statementMap":{"0":{"start":{"line":9,"column":0},"end":{"line":9,"column":24}},"1":{"start":{"line":3,"column":0},"end":{"line":3,"column":null}},"2":{"start":{"line":4,"column":0},"end":{"line":4,"column":null}},"3":{"start":{"line":5,"column":0},"end":{"line":5,"column":null}},"4":{"start":{"line":6,"column":0},"end":{"line":6,"column":null}},"5":{"start":{"line":7,"column":0},"end":{"line":7,"column":62}},"6":{"start":{"line":10,"column":42},"end":{"line":10,"column":54}},"7":{"start":{"line":11,"column":24},"end":{"line":11,"column":36}},"8":{"start":{"line":12,"column":46},"end":{"line":12,"column":73}},"9":{"start":{"line":13,"column":30},"end":{"line":13,"column":52}},"10":{"start":{"line":14,"column":52},"end":{"line":14,"column":63}},"11":{"start":{"line":15,"column":34},"end":{"line":15,"column":79}},"12":{"start":{"line":16,"column":52},"end":{"line":16,"column":67}},"13":{"start":{"line":17,"column":44},"end":{"line":17,"column":108}},"14":{"start":{"line":18,"column":44},"end":{"line":18,"column":56}},"15":{"start":{"line":19,"column":40},"end":{"line":23,"column":4}},"16":{"start":{"line":25,"column":26},"end":{"line":25,"column":56}},"17":{"start":{"line":26,"column":17},"end":{"line":26,"column":28}},"18":{"start":{"line":28,"column":38},"end":{"line":32,"column":3}},"19":{"start":{"line":29,"column":4},"end":{"line":31,"column":null}},"20":{"start":{"line":30,"column":6},"end":{"line":30,"column":null}},"21":{"start":{"line":34,"column":31},"end":{"line":36,"column":3}},"22":{"start":{"line":35,"column":4},"end":{"line":35,"column":null}},"23":{"start":{"line":38,"column":29},"end":{"line":44,"column":3}},"24":{"start":{"line":39,"column":4},"end":{"line":43,"column":null}},"25":{"start":{"line":40,"column":24},"end":{"line":40,"column":91}},"26":{"start":{"line":40,"column":65},"end":{"line":40,"column":90}},"27":{"start":{"line":41,"column":6},"end":{"line":41,"column":null}},"28":{"start":{"line":42,"column":6},"end":{"line":42,"column":null}},"29":{"start":{"line":46,"column":26},"end":{"line":48,"column":3}},"30":{"start":{"line":47,"column":4},"end":{"line":47,"column":null}},"31":{"start":{"line":47,"column":40},"end":{"line":47,"column":71}},"32":{"start":{"line":50,"column":26},"end":{"line":52,"column":3}},"33":{"start":{"line":51,"column":4},"end":{"line":51,"column":null}},"34":{"start":{"line":51,"column":40},"end":{"line":51,"column":87}},"35":{"start":{"line":54,"column":30},"end":{"line":58,"column":3}},"36":{"start":{"line":55,"column":28},"end":{"line":55,"column":41}},"37":{"start":{"line":56,"column":4},"end":{"line":56,"column":null}},"38":{"start":{"line":57,"column":4},"end":{"line":57,"column":null}},"39":{"start":{"line":60,"column":21},"end":{"line":62,"column":3}},"40":{"start":{"line":61,"column":4},"end":{"line":61,"column":null}},"41":{"start":{"line":64,"column":25},"end":{"line":67,"column":3}},"42":{"start":{"line":65,"column":28},"end":{"line":65,"column":66}},"43":{"start":{"line":65,"column":54},"end":{"line":65,"column":65}},"44":{"start":{"line":66,"column":4},"end":{"line":66,"column":null}},"45":{"start":{"line":69,"column":33},"end":{"line":73,"column":3}},"46":{"start":{"line":70,"column":25},"end":{"line":70,"column":41}},"47":{"start":{"line":71,"column":4},"end":{"line":71,"column":null}},"48":{"start":{"line":72,"column":4},"end":{"line":72,"column":null}},"49":{"start":{"line":75,"column":30},"end":{"line":109,"column":null}},"50":{"start":{"line":75,"column":52},"end":{"line":109,"column":null}},"51":{"start":{"line":76,"column":4},"end":{"line":76,"column":null}},"52":{"start":{"line":77,"column":21},"end":{"line":77,"column":35}},"53":{"start":{"line":78,"column":4},"end":{"line":78,"column":null}},"54":{"start":{"line":79,"column":4},"end":{"line":79,"column":null}},"55":{"start":{"line":80,"column":4},"end":{"line":80,"column":null}},"56":{"start":{"line":80,"column":24},"end":{"line":80,"column":null}},"57":{"start":{"line":81,"column":4},"end":{"line":83,"column":null}},"58":{"start":{"line":82,"column":6},"end":{"line":82,"column":null}},"59":{"start":{"line":84,"column":4},"end":{"line":88,"column":null}},"60":{"start":{"line":85,"column":6},"end":{"line":85,"column":null}},"61":{"start":{"line":86,"column":6},"end":{"line":86,"column":null}},"62":{"start":{"line":87,"column":6},"end":{"line":87,"column":null}},"63":{"start":{"line":89,"column":4},"end":{"line":92,"column":null}},"64":{"start":{"line":90,"column":6},"end":{"line":90,"column":null}},"65":{"start":{"line":91,"column":6},"end":{"line":91,"column":null}},"66":{"start":{"line":93,"column":4},"end":{"line":108,"column":null}},"67":{"start":{"line":94,"column":23},"end":{"line":97,"column":8}},"68":{"start":{"line":98,"column":6},"end":{"line":104,"column":null}},"69":{"start":{"line":99,"column":8},"end":{"line":99,"column":null}},"70":{"start":{"line":100,"column":8},"end":{"line":100,"column":null}},"71":{"start":{"line":102,"column":22},"end":{"line":102,"column":43}},"72":{"start":{"line":103,"column":8},"end":{"line":103,"column":null}},"73":{"start":{"line":106,"column":6},"end":{"line":106,"column":null}},"74":{"start":{"line":107,"column":6},"end":{"line":107,"column":null}},"75":{"start":{"line":111,"column":30},"end":{"line":113,"column":3}},"76":{"start":{"line":112,"column":4},"end":{"line":112,"column":null}},"77":{"start":{"line":115,"column":29},"end":{"line":117,"column":3}},"78":{"start":{"line":116,"column":4},"end":{"line":116,"column":null}},"79":{"start":{"line":119,"column":27},"end":{"line":127,"column":3}},"80":{"start":{"line":120,"column":4},"end":{"line":126,"column":null}},"81":{"start":{"line":120,"column":31},"end":{"line":124,"column":null}},"82":{"start":{"line":129,"column":34},"end":{"line":132,"column":3}},"83":{"start":{"line":130,"column":4},"end":{"line":130,"column":null}},"84":{"start":{"line":131,"column":4},"end":{"line":131,"column":null}},"85":{"start":{"line":134,"column":2},"end":{"line":409,"column":null}},"86":{"start":{"line":142,"column":27},"end":{"line":142,"column":58}},"87":{"start":{"line":258,"column":31},"end":{"line":258,"column":53}},"88":{"start":{"line":267,"column":14},"end":{"line":267,"column":31}},"89":{"start":{"line":272,"column":35},"end":{"line":272,"column":85}},"90":{"start":{"line":281,"column":37},"end":{"line":281,"column":88}},"91":{"start":{"line":290,"column":35},"end":{"line":290,"column":85}},"92":{"start":{"line":293,"column":53},"end":{"line":293,"column":73}},"93":{"start":{"line":331,"column":14},"end":{"line":332,"column":null}},"94":{"start":{"line":335,"column":38},"end":{"line":335,"column":79}},"95":{"start":{"line":371,"column":107},"end":{"line":393,"column":null}},"96":{"start":{"line":380,"column":39},"end":{"line":380,"column":84}},"97":{"start":{"line":388,"column":39},"end":{"line":388,"column":85}}},"fnMap":{"0":{"name":"Portfolio","decl":{"start":{"line":9,"column":24},"end":{"line":9,"column":33}},"loc":{"start":{"line":9,"column":33},"end":{"line":411,"column":null}}},"1":{"name":"(anonymous_9)","decl":{"start":{"line":28,"column":38},"end":{"line":28,"column":76}},"loc":{"start":{"line":28,"column":80},"end":{"line":32,"column":3}}},"2":{"name":"(anonymous_10)","decl":{"start":{"line":34,"column":31},"end":{"line":34,"column":36}},"loc":{"start":{"line":34,"column":36},"end":{"line":36,"column":3}}},"3":{"name":"(anonymous_11)","decl":{"start":{"line":38,"column":29},"end":{"line":38,"column":67}},"loc":{"start":{"line":38,"column":71},"end":{"line":44,"column":3}}},"4":{"name":"(anonymous_12)","decl":{"start":{"line":40,"column":56},"end":{"line":40,"column":60}},"loc":{"start":{"line":40,"column":65},"end":{"line":40,"column":90}}},"5":{"name":"(anonymous_13)","decl":{"start":{"line":46,"column":26},"end":{"line":46,"column":31}},"loc":{"start":{"line":46,"column":31},"end":{"line":48,"column":3}}},"6":{"name":"(anonymous_14)","decl":{"start":{"line":47,"column":26},"end":{"line":47,"column":35}},"loc":{"start":{"line":47,"column":40},"end":{"line":47,"column":71}}},"7":{"name":"(anonymous_15)","decl":{"start":{"line":50,"column":26},"end":{"line":50,"column":31}},"loc":{"start":{"line":50,"column":31},"end":{"line":52,"column":3}}},"8":{"name":"(anonymous_16)","decl":{"start":{"line":51,"column":26},"end":{"line":51,"column":35}},"loc":{"start":{"line":51,"column":40},"end":{"line":51,"column":87}}},"9":{"name":"(anonymous_17)","decl":{"start":{"line":54,"column":30},"end":{"line":54,"column":31}},"loc":{"start":{"line":54,"column":78},"end":{"line":58,"column":3}}},"10":{"name":"(anonymous_18)","decl":{"start":{"line":60,"column":21},"end":{"line":60,"column":26}},"loc":{"start":{"line":60,"column":26},"end":{"line":62,"column":3}}},"11":{"name":"(anonymous_19)","decl":{"start":{"line":64,"column":25},"end":{"line":64,"column":38}},"loc":{"start":{"line":64,"column":42},"end":{"line":67,"column":3}}},"12":{"name":"(anonymous_20)","decl":{"start":{"line":65,"column":44},"end":{"line":65,"column":45}},"loc":{"start":{"line":65,"column":54},"end":{"line":65,"column":65}}},"13":{"name":"(anonymous_21)","decl":{"start":{"line":69,"column":33},"end":{"line":69,"column":34}},"loc":{"start":{"line":69,"column":81},"end":{"line":73,"column":3}}},"14":{"name":"(anonymous_22)","decl":{"start":{"line":75,"column":30},"end":{"line":75,"column":48}},"loc":{"start":{"line":75,"column":52},"end":{"line":109,"column":null}}},"15":{"name":"(anonymous_23)","decl":{"start":{"line":75,"column":52},"end":{"line":75,"column":null}},"loc":{"start":{"line":75,"column":52},"end":{"line":109,"column":3}}},"16":{"name":"(anonymous_24)","decl":{"start":{"line":81,"column":19},"end":{"line":81,"column":24}},"loc":{"start":{"line":81,"column":27},"end":{"line":83,"column":5}}},"17":{"name":"(anonymous_25)","decl":{"start":{"line":84,"column":21},"end":{"line":84,"column":22}},"loc":{"start":{"line":84,"column":40},"end":{"line":88,"column":5}}},"18":{"name":"(anonymous_26)","decl":{"start":{"line":89,"column":24},"end":{"line":89,"column":25}},"loc":{"start":{"line":89,"column":40},"end":{"line":92,"column":5}}},"19":{"name":"(anonymous_27)","decl":{"start":{"line":111,"column":30},"end":{"line":111,"column":35}},"loc":{"start":{"line":111,"column":35},"end":{"line":113,"column":3}}},"20":{"name":"(anonymous_28)","decl":{"start":{"line":115,"column":29},"end":{"line":115,"column":68}},"loc":{"start":{"line":115,"column":72},"end":{"line":117,"column":3}}},"21":{"name":"(anonymous_29)","decl":{"start":{"line":119,"column":27},"end":{"line":119,"column":28}},"loc":{"start":{"line":119,"column":83},"end":{"line":127,"column":3}}},"22":{"name":"(anonymous_30)","decl":{"start":{"line":120,"column":22},"end":{"line":120,"column":26}},"loc":{"start":{"line":120,"column":31},"end":{"line":124,"column":null}}},"23":{"name":"(anonymous_31)","decl":{"start":{"line":129,"column":34},"end":{"line":129,"column":39}},"loc":{"start":{"line":129,"column":39},"end":{"line":132,"column":3}}},"24":{"name":"(anonymous_32)","decl":{"start":{"line":142,"column":21},"end":{"line":142,"column":22}},"loc":{"start":{"line":142,"column":27},"end":{"line":142,"column":58}}},"25":{"name":"(anonymous_33)","decl":{"start":{"line":258,"column":25},"end":{"line":258,"column":26}},"loc":{"start":{"line":258,"column":31},"end":{"line":258,"column":53}}},"26":{"name":"(anonymous_34)","decl":{"start":{"line":266,"column":26},"end":{"line":266,"column":27}},"loc":{"start":{"line":267,"column":14},"end":{"line":267,"column":31}}},"27":{"name":"(anonymous_35)","decl":{"start":{"line":272,"column":29},"end":{"line":272,"column":30}},"loc":{"start":{"line":272,"column":35},"end":{"line":272,"column":85}}},"28":{"name":"(anonymous_36)","decl":{"start":{"line":281,"column":31},"end":{"line":281,"column":32}},"loc":{"start":{"line":281,"column":37},"end":{"line":281,"column":88}}},"29":{"name":"(anonymous_37)","decl":{"start":{"line":290,"column":29},"end":{"line":290,"column":30}},"loc":{"start":{"line":290,"column":35},"end":{"line":290,"column":85}}},"30":{"name":"(anonymous_38)","decl":{"start":{"line":293,"column":47},"end":{"line":293,"column":53}},"loc":{"start":{"line":293,"column":53},"end":{"line":293,"column":73}}},"31":{"name":"(anonymous_39)","decl":{"start":{"line":330,"column":29},"end":{"line":330,"column":30}},"loc":{"start":{"line":331,"column":14},"end":{"line":332,"column":null}}},"32":{"name":"(anonymous_40)","decl":{"start":{"line":335,"column":30},"end":{"line":335,"column":33}},"loc":{"start":{"line":335,"column":38},"end":{"line":335,"column":79}}},"33":{"name":"(anonymous_41)","decl":{"start":{"line":371,"column":99},"end":{"line":371,"column":102}},"loc":{"start":{"line":371,"column":106},"end":{"line":394,"column":16}}},"34":{"name":"(anonymous_42)","decl":{"start":{"line":380,"column":33},"end":{"line":380,"column":34}},"loc":{"start":{"line":380,"column":39},"end":{"line":380,"column":84}}},"35":{"name":"(anonymous_43)","decl":{"start":{"line":388,"column":33},"end":{"line":388,"column":34}},"loc":{"start":{"line":388,"column":39},"end":{"line":388,"column":85}}}},"branchMap":{"0":{"loc":{"start":{"line":29,"column":4},"end":{"line":31,"column":null}},"type":"if","locations":[{"start":{"line":29,"column":4},"end":{"line":31,"column":null}}]},"1":{"loc":{"start":{"line":35,"column":4},"end":{"line":35,"column":36}},"type":"cond-expr","locations":[{"start":{"line":35,"column":27},"end":{"line":35,"column":29}},{"start":{"line":35,"column":27},"end":{"line":35,"column":36}}]},"2":{"loc":{"start":{"line":35,"column":4},"end":{"line":35,"column":29}},"type":"binary-expr","locations":[{"start":{"line":35,"column":4},"end":{"line":35,"column":29}},{"start":{"line":35,"column":27},"end":{"line":35,"column":29}}]},"3":{"loc":{"start":{"line":39,"column":4},"end":{"line":43,"column":null}},"type":"if","locations":[{"start":{"line":39,"column":4},"end":{"line":43,"column":null}}]},"4":{"loc":{"start":{"line":80,"column":4},"end":{"line":80,"column":null}},"type":"if","locations":[{"start":{"line":80,"column":4},"end":{"line":80,"column":null}}]},"5":{"loc":{"start":{"line":98,"column":6},"end":{"line":104,"column":null}},"type":"if","locations":[{"start":{"line":98,"column":6},"end":{"line":104,"column":null}},{"start":{"line":101,"column":13},"end":{"line":104,"column":null}}]},"6":{"loc":{"start":{"line":162,"column":15},"end":{"line":169,"column":null}},"type":"cond-expr","locations":[{"start":{"line":163,"column":16},"end":{"line":166,"column":null}},{"start":{"line":169,"column":16},"end":{"line":169,"column":null}}]},"7":{"loc":{"start":{"line":183,"column":15},"end":{"line":192,"column":null}},"type":"cond-expr","locations":[{"start":{"line":184,"column":16},"end":{"line":189,"column":null}},{"start":{"line":192,"column":16},"end":{"line":192,"column":null}}]},"8":{"loc":{"start":{"line":350,"column":7},"end":{"line":406,"column":null}},"type":"binary-expr","locations":[{"start":{"line":350,"column":7},"end":{"line":350,"column":24}},{"start":{"line":351,"column":8},"end":{"line":406,"column":null}}]},"9":{"loc":{"start":{"line":353,"column":43},"end":{"line":353,"column":67}},"type":"binary-expr","locations":[{"start":{"line":353,"column":43},"end":{"line":353,"column":56}},{"start":{"line":353,"column":60},"end":{"line":353,"column":67}}]},"10":{"loc":{"start":{"line":379,"column":29},"end":{"line":379,"column":59}},"type":"binary-expr","locations":[{"start":{"line":379,"column":29},"end":{"line":379,"column":53}},{"start":{"line":379,"column":57},"end":{"line":379,"column":59}}]},"11":{"loc":{"start":{"line":379,"column":29},"end":{"line":379,"column":53}},"type":"cond-expr","locations":[{"start":{"line":379,"column":47},"end":{"line":379,"column":49}},{"start":{"line":379,"column":47},"end":{"line":379,"column":53}}]},"12":{"loc":{"start":{"line":379,"column":29},"end":{"line":379,"column":49}},"type":"binary-expr","locations":[{"start":{"line":379,"column":29},"end":{"line":379,"column":49}},{"start":{"line":379,"column":47},"end":{"line":379,"column":49}}]},"13":{"loc":{"start":{"line":387,"column":29},"end":{"line":387,"column":60}},"type":"binary-expr","locations":[{"start":{"line":387,"column":29},"end":{"line":387,"column":54}},{"start":{"line":387,"column":58},"end":{"line":387,"column":60}}]},"14":{"loc":{"start":{"line":387,"column":29},"end":{"line":387,"column":54}},"type":"cond-expr","locations":[{"start":{"line":387,"column":47},"end":{"line":387,"column":49}},{"start":{"line":387,"column":47},"end":{"line":387,"column":54}}]},"15":{"loc":{"start":{"line":387,"column":29},"end":{"line":387,"column":49}},"type":"binary-expr","locations":[{"start":{"line":387,"column":29},"end":{"line":387,"column":49}},{"start":{"line":387,"column":47},"end":{"line":387,"column":49}}]}},"s":{"0":0,"1":0,"2":0,"3":0,"4":0,"5":0,"6":0,"7":0,"8":0,"9":0,"10":0,"11":0,"12":0,"13":0,"14":0,"15":0,"16":0,"17":0,"18":0,"19":0,"20":0,"21":0,"22":0,"23":0,"24":0,"25":0,"26":0,"27":0,"28":0,"29":0,"30":0,"31":0,"32":0,"33":0,"34":0,"35":0,"36":0,"37":0,"38":0,"39":0,"40":0,"41":0,"42":0,"43":0,"44":0,"45":0,"46":0,"47":0,"48":0,"49":0,"50":0,"51":0,"52":0,"53":0,"54":0,"55":0,"56":0,"57":0,"58":0,"59":0,"60":0,"61":0,"62":0,"63":0,"64":0,"65":0,"66":0,"67":0,"68":0,"69":0,"70":0,"71":0,"72":0,"73":0,"74":0,"75":0,"76":0,"77":0,"78":0,"79":0,"80":0,"81":0,"82":0,"83":0,"84":0,"85":0,"86":0,"87":0,"88":0,"89":0,"90":0,"91":0,"92":0,"93":0,"94":0,"95":0,"96":0,"97":0},"f":{"0":0,"1":0,"2":0,"3":0,"4":0,"5":0,"6":0,"7":0,"8":0,"9":0,"10":0,"11":0,"12":0,"13":0,"14":0,"15":0,"16":0,"17":0,"18":0,"19":0,"20":0,"21":0,"22":0,"23":0,"24":0,"25":0,"26":0,"27":0,"28":0,"29":0,"30":0,"31":0,"32":0,"33":0,"34":0,"35":0},"b":{"0":[0],"1":[0,0],"2":[0,0],"3":[0],"4":[0],"5":[0,0],"6":[0,0],"7":[0,0],"8":[0,0],"9":[0,0],"10":[0,0],"11":[0,0],"12":[0,0],"13":[0,0],"14":[0,0],"15":[0,0]}}
,"C:\\Users\\nawal\\OneDrive\\FALL 24\\SE\\Style\\src\\app\\schedule\\page.tsx": {"path":"C:\\Users\\nawal\\OneDrive\\FALL 24\\SE\\Style\\src\\app\\schedule\\page.tsx","statementMap":{"0":{"start":{"line":3,"column":0},"end":{"line":3,"column":null}},"1":{"start":{"line":5,"column":15},"end":{"line":18,"column":null}},"2":{"start":{"line":21,"column":31},"end":{"line":247,"column":1}},"3":{"start":{"line":22,"column":44},"end":{"line":22,"column":63}},"4":{"start":{"line":23,"column":42},"end":{"line":23,"column":71}},"5":{"start":{"line":24,"column":46},"end":{"line":24,"column":68}},"6":{"start":{"line":25,"column":42},"end":{"line":25,"column":71}},"7":{"start":{"line":26,"column":40},"end":{"line":26,"column":64}},"8":{"start":{"line":27,"column":36},"end":{"line":27,"column":60}},"9":{"start":{"line":28,"column":46},"end":{"line":28,"column":75}},"10":{"start":{"line":30,"column":28},"end":{"line":48,"column":8}},"11":{"start":{"line":31,"column":28},"end":{"line":31,"column":30}},"12":{"start":{"line":32,"column":20},"end":{"line":32,"column":21}},"13":{"start":{"line":32,"column":33},"end":{"line":32,"column":34}},"14":{"start":{"line":34,"column":4},"end":{"line":40,"column":null}},"15":{"start":{"line":35,"column":6},"end":{"line":35,"column":21}},"16":{"start":{"line":35,"column":21},"end":{"line":35,"column":null}},"17":{"start":{"line":36,"column":11},"end":{"line":40,"column":null}},"18":{"start":{"line":37,"column":6},"end":{"line":37,"column":22}},"19":{"start":{"line":37,"column":22},"end":{"line":37,"column":null}},"20":{"start":{"line":38,"column":11},"end":{"line":40,"column":null}},"21":{"start":{"line":39,"column":6},"end":{"line":39,"column":22}},"22":{"start":{"line":39,"column":22},"end":{"line":39,"column":null}},"23":{"start":{"line":42,"column":4},"end":{"line":45,"column":null}},"24":{"start":{"line":42,"column":20},"end":{"line":42,"column":29}},"25":{"start":{"line":43,"column":6},"end":{"line":43,"column":38}},"26":{"start":{"line":44,"column":6},"end":{"line":44,"column":39}},"27":{"start":{"line":47,"column":4},"end":{"line":47,"column":null}},"28":{"start":{"line":50,"column":2},"end":{"line":58,"column":null}},"29":{"start":{"line":51,"column":4},"end":{"line":57,"column":null}},"30":{"start":{"line":52,"column":6},"end":{"line":52,"column":null}},"31":{"start":{"line":53,"column":6},"end":{"line":56,"column":null}},"32":{"start":{"line":54,"column":8},"end":{"line":54,"column":null}},"33":{"start":{"line":55,"column":8},"end":{"line":55,"column":null}},"34":{"start":{"line":60,"column":29},"end":{"line":66,"column":3}},"35":{"start":{"line":61,"column":4},"end":{"line":61,"column":null}},"36":{"start":{"line":62,"column":4},"end":{"line":62,"column":null}},"37":{"start":{"line":63,"column":4},"end":{"line":63,"column":null}},"38":{"start":{"line":64,"column":4},"end":{"line":64,"column":null}},"39":{"start":{"line":65,"column":4},"end":{"line":65,"column":null}},"40":{"start":{"line":68,"column":28},"end":{"line":73,"column":3}},"41":{"start":{"line":69,"column":4},"end":{"line":69,"column":null}},"42":{"start":{"line":70,"column":4},"end":{"line":70,"column":null}},"43":{"start":{"line":71,"column":4},"end":{"line":71,"column":null}},"44":{"start":{"line":72,"column":4},"end":{"line":72,"column":null}},"45":{"start":{"line":75,"column":30},"end":{"line":79,"column":3}},"46":{"start":{"line":76,"column":4},"end":{"line":76,"column":null}},"47":{"start":{"line":77,"column":4},"end":{"line":77,"column":null}},"48":{"start":{"line":78,"column":4},"end":{"line":78,"column":null}},"49":{"start":{"line":81,"column":28},"end":{"line":84,"column":3}},"50":{"start":{"line":82,"column":4},"end":{"line":82,"column":null}},"51":{"start":{"line":83,"column":4},"end":{"line":83,"column":null}},"52":{"start":{"line":86,"column":24},"end":{"line":92,"column":3}},"53":{"start":{"line":87,"column":4},"end":{"line":91,"column":null}},"54":{"start":{"line":88,"column":6},"end":{"line":88,"column":null}},"55":{"start":{"line":90,"column":6},"end":{"line":90,"column":null}},"56":{"start":{"line":94,"column":21},"end":{"line":99,"column":3}},"57":{"start":{"line":95,"column":19},"end":{"line":95,"column":43}},"58":{"start":{"line":96,"column":25},"end":{"line":96,"column":53}},"59":{"start":{"line":97,"column":29},"end":{"line":97,"column":59}},"60":{"start":{"line":98,"column":4},"end":{"line":98,"column":null}},"61":{"start":{"line":101,"column":23},"end":{"line":107,"column":3}},"62":{"start":{"line":102,"column":22},"end":{"line":102,"column":71}},"63":{"start":{"line":103,"column":4},"end":{"line":106,"column":null}},"64":{"start":{"line":104,"column":27},"end":{"line":104,"column":30}},"65":{"start":{"line":105,"column":6},"end":{"line":105,"column":null}},"66":{"start":{"line":109,"column":30},"end":{"line":130,"column":3}},"67":{"start":{"line":110,"column":28},"end":{"line":110,"column":41}},"68":{"start":{"line":111,"column":24},"end":{"line":111,"column":62}},"69":{"start":{"line":113,"column":4},"end":{"line":129,"column":null}},"70":{"start":{"line":114,"column":19},"end":{"line":114,"column":47}},"71":{"start":{"line":115,"column":28},"end":{"line":115,"column":60}},"72":{"start":{"line":117,"column":6},"end":{"line":127,"column":null}},"73":{"start":{"line":123,"column":25},"end":{"line":123,"column":56}},"74":{"start":{"line":132,"column":2},"end":{"line":245,"column":null}},"75":{"start":{"line":144,"column":27},"end":{"line":144,"column":90}},"76":{"start":{"line":144,"column":62},"end":{"line":144,"column":87}},"77":{"start":{"line":147,"column":12},"end":{"line":147,"column":37}},"78":{"start":{"line":164,"column":14},"end":{"line":165,"column":null}},"79":{"start":{"line":169,"column":31},"end":{"line":169,"column":57}},"80":{"start":{"line":191,"column":31},"end":{"line":191,"column":50}},"81":{"start":{"line":203,"column":18},"end":{"line":204,"column":null}},"82":{"start":{"line":208,"column":35},"end":{"line":208,"column":57}},"83":{"start":{"line":217,"column":31},"end":{"line":217,"column":51}},"84":{"start":{"line":249,"column":0},"end":{"line":249,"column":null}}},"fnMap":{"0":{"name":"(anonymous_0)","decl":{"start":{"line":21,"column":31},"end":{"line":21,"column":36}},"loc":{"start":{"line":21,"column":36},"end":{"line":247,"column":1}}},"1":{"name":"(anonymous_1)","decl":{"start":{"line":30,"column":41},"end":{"line":30,"column":55}},"loc":{"start":{"line":30,"column":59},"end":{"line":48,"column":3}}},"2":{"name":"(anonymous_2)","decl":{"start":{"line":50,"column":12},"end":{"line":50,"column":17}},"loc":{"start":{"line":50,"column":17},"end":{"line":58,"column":3}}},"3":{"name":"(anonymous_3)","decl":{"start":{"line":53,"column":17},"end":{"line":53,"column":22}},"loc":{"start":{"line":53,"column":22},"end":{"line":56,"column":7}}},"4":{"name":"(anonymous_4)","decl":{"start":{"line":60,"column":29},"end":{"line":60,"column":56}},"loc":{"start":{"line":60,"column":60},"end":{"line":66,"column":3}}},"5":{"name":"(anonymous_5)","decl":{"start":{"line":68,"column":28},"end":{"line":68,"column":40}},"loc":{"start":{"line":68,"column":44},"end":{"line":73,"column":3}}},"6":{"name":"(anonymous_6)","decl":{"start":{"line":75,"column":30},"end":{"line":75,"column":44}},"loc":{"start":{"line":75,"column":48},"end":{"line":79,"column":3}}},"7":{"name":"(anonymous_7)","decl":{"start":{"line":81,"column":28},"end":{"line":81,"column":40}},"loc":{"start":{"line":81,"column":44},"end":{"line":84,"column":3}}},"8":{"name":"(anonymous_8)","decl":{"start":{"line":86,"column":24},"end":{"line":86,"column":29}},"loc":{"start":{"line":86,"column":29},"end":{"line":92,"column":3}}},"9":{"name":"(anonymous_9)","decl":{"start":{"line":94,"column":21},"end":{"line":94,"column":22}},"loc":{"start":{"line":94,"column":55},"end":{"line":99,"column":3}}},"10":{"name":"(anonymous_10)","decl":{"start":{"line":101,"column":23},"end":{"line":101,"column":50}},"loc":{"start":{"line":101,"column":54},"end":{"line":107,"column":3}}},"11":{"name":"(anonymous_11)","decl":{"start":{"line":109,"column":30},"end":{"line":109,"column":35}},"loc":{"start":{"line":109,"column":35},"end":{"line":130,"column":3}}},"12":{"name":"(anonymous_12)","decl":{"start":{"line":113,"column":47},"end":{"line":113,"column":48}},"loc":{"start":{"line":113,"column":56},"end":{"line":129,"column":5}}},"13":{"name":"(anonymous_13)","decl":{"start":{"line":123,"column":19},"end":{"line":123,"column":25}},"loc":{"start":{"line":123,"column":25},"end":{"line":123,"column":56}}},"14":{"name":"(anonymous_14)","decl":{"start":{"line":144,"column":21},"end":{"line":144,"column":22}},"loc":{"start":{"line":144,"column":27},"end":{"line":144,"column":90}}},"15":{"name":"(anonymous_15)","decl":{"start":{"line":144,"column":57},"end":{"line":144,"column":58}},"loc":{"start":{"line":144,"column":62},"end":{"line":144,"column":87}}},"16":{"name":"(anonymous_16)","decl":{"start":{"line":146,"column":23},"end":{"line":146,"column":28}},"loc":{"start":{"line":147,"column":12},"end":{"line":147,"column":37}}},"17":{"name":"(anonymous_17)","decl":{"start":{"line":163,"column":54},"end":{"line":163,"column":60}},"loc":{"start":{"line":164,"column":14},"end":{"line":165,"column":null}}},"18":{"name":"(anonymous_18)","decl":{"start":{"line":169,"column":25},"end":{"line":169,"column":31}},"loc":{"start":{"line":169,"column":31},"end":{"line":169,"column":57}}},"19":{"name":"(anonymous_19)","decl":{"start":{"line":191,"column":25},"end":{"line":191,"column":31}},"loc":{"start":{"line":191,"column":31},"end":{"line":191,"column":50}}},"20":{"name":"(anonymous_20)","decl":{"start":{"line":202,"column":37},"end":{"line":202,"column":41}},"loc":{"start":{"line":203,"column":18},"end":{"line":204,"column":null}}},"21":{"name":"(anonymous_21)","decl":{"start":{"line":208,"column":29},"end":{"line":208,"column":35}},"loc":{"start":{"line":208,"column":35},"end":{"line":208,"column":57}}},"22":{"name":"(anonymous_22)","decl":{"start":{"line":217,"column":25},"end":{"line":217,"column":31}},"loc":{"start":{"line":217,"column":31},"end":{"line":217,"column":51}}}},"branchMap":{"0":{"loc":{"start":{"line":34,"column":4},"end":{"line":40,"column":null}},"type":"if","locations":[{"start":{"line":34,"column":4},"end":{"line":40,"column":null}},{"start":{"line":36,"column":11},"end":{"line":40,"column":null}}]},"1":{"loc":{"start":{"line":36,"column":11},"end":{"line":40,"column":null}},"type":"if","locations":[{"start":{"line":36,"column":11},"end":{"line":40,"column":null}},{"start":{"line":38,"column":11},"end":{"line":40,"column":null}}]},"2":{"loc":{"start":{"line":38,"column":11},"end":{"line":40,"column":null}},"type":"if","locations":[{"start":{"line":38,"column":11},"end":{"line":40,"column":null}}]},"3":{"loc":{"start":{"line":51,"column":4},"end":{"line":57,"column":null}},"type":"if","locations":[{"start":{"line":51,"column":4},"end":{"line":57,"column":null}}]},"4":{"loc":{"start":{"line":51,"column":8},"end":{"line":51,"column":38}},"type":"binary-expr","locations":[{"start":{"line":51,"column":8},"end":{"line":51,"column":20}},{"start":{"line":51,"column":24},"end":{"line":51,"column":38}}]},"5":{"loc":{"start":{"line":87,"column":4},"end":{"line":91,"column":null}},"type":"if","locations":[{"start":{"line":87,"column":4},"end":{"line":91,"column":null}},{"start":{"line":89,"column":11},"end":{"line":91,"column":null}}]},"6":{"loc":{"start":{"line":87,"column":8},"end":{"line":87,"column":36}},"type":"binary-expr","locations":[{"start":{"line":87,"column":8},"end":{"line":87,"column":20}},{"start":{"line":87,"column":24},"end":{"line":87,"column":36}}]},"7":{"loc":{"start":{"line":95,"column":19},"end":{"line":95,"column":43}},"type":"cond-expr","locations":[{"start":{"line":95,"column":32},"end":{"line":95,"column":36}},{"start":{"line":95,"column":39},"end":{"line":95,"column":43}}]},"8":{"loc":{"start":{"line":96,"column":25},"end":{"line":96,"column":53}},"type":"cond-expr","locations":[{"start":{"line":96,"column":37},"end":{"line":96,"column":46}},{"start":{"line":96,"column":49},"end":{"line":96,"column":53}}]},"9":{"loc":{"start":{"line":97,"column":29},"end":{"line":97,"column":59}},"type":"cond-expr","locations":[{"start":{"line":97,"column":45},"end":{"line":97,"column":49}},{"start":{"line":97,"column":52},"end":{"line":97,"column":59}}]},"10":{"loc":{"start":{"line":103,"column":4},"end":{"line":106,"column":null}},"type":"if","locations":[{"start":{"line":103,"column":4},"end":{"line":106,"column":null}}]},"11":{"loc":{"start":{"line":105,"column":33},"end":{"line":105,"column":85}},"type":"cond-expr","locations":[{"start":{"line":105,"column":57},"end":{"line":105,"column":69}},{"start":{"line":105,"column":72},"end":{"line":105,"column":85}}]},"12":{"loc":{"start":{"line":121,"column":14},"end":{"line":121,"column":111}},"type":"cond-expr","locations":[{"start":{"line":121,"column":47},"end":{"line":121,"column":71}},{"start":{"line":121,"column":74},"end":{"line":121,"column":111}}]},"13":{"loc":{"start":{"line":159,"column":7},"end":{"line":175,"column":null}},"type":"binary-expr","locations":[{"start":{"line":159,"column":7},"end":{"line":159,"column":19}},{"start":{"line":160,"column":8},"end":{"line":175,"column":null}}]},"14":{"loc":{"start":{"line":167,"column":20},"end":{"line":167,"column":122}},"type":"cond-expr","locations":[{"start":{"line":167,"column":48},"end":{"line":167,"column":82}},{"start":{"line":167,"column":85},"end":{"line":167,"column":122}}]},"15":{"loc":{"start":{"line":179,"column":7},"end":{"line":223,"column":null}},"type":"binary-expr","locations":[{"start":{"line":179,"column":7},"end":{"line":179,"column":21}},{"start":{"line":180,"column":8},"end":{"line":223,"column":null}}]},"16":{"loc":{"start":{"line":185,"column":11},"end":{"line":221,"column":null}},"type":"cond-expr","locations":[{"start":{"line":186,"column":12},"end":{"line":186,"column":71}},{"start":{"line":188,"column":12},"end":{"line":221,"column":null}}]},"17":{"loc":{"start":{"line":206,"column":24},"end":{"line":206,"column":122}},"type":"cond-expr","locations":[{"start":{"line":206,"column":48},"end":{"line":206,"column":82}},{"start":{"line":206,"column":85},"end":{"line":206,"column":122}}]},"18":{"loc":{"start":{"line":227,"column":7},"end":{"line":236,"column":null}},"type":"binary-expr","locations":[{"start":{"line":227,"column":7},"end":{"line":227,"column":19}},{"start":{"line":228,"column":8},"end":{"line":236,"column":null}}]},"19":{"loc":{"start":{"line":240,"column":7},"end":{"line":242,"column":null}},"type":"binary-expr","locations":[{"start":{"line":240,"column":7},"end":{"line":240,"column":18}},{"start":{"line":241,"column":8},"end":{"line":242,"column":null}}]}},"s":{"0":0,"1":0,"2":0,"3":0,"4":0,"5":0,"6":0,"7":0,"8":0,"9":0,"10":0,"11":0,"12":0,"13":0,"14":0,"15":0,"16":0,"17":0,"18":0,"19":0,"20":0,"21":0,"22":0,"23":0,"24":0,"25":0,"26":0,"27":0,"28":0,"29":0,"30":0,"31":0,"32":0,"33":0,"34":0,"35":0,"36":0,"37":0,"38":0,"39":0,"40":0,"41":0,"42":0,"43":0,"44":0,"45":0,"46":0,"47":0,"48":0,"49":0,"50":0,"51":0,"52":0,"53":0,"54":0,"55":0,"56":0,"57":0,"58":0,"59":0,"60":0,"61":0,"62":0,"63":0,"64":0,"65":0,"66":0,"67":0,"68":0,"69":0,"70":0,"71":0,"72":0,"73":0,"74":0,"75":0,"76":0,"77":0,"78":0,"79":0,"80":0,"81":0,"82":0,"83":0,"84":0},"f":{"0":0,"1":0,"2":0,"3":0,"4":0,"5":0,"6":0,"7":0,"8":0,"9":0,"10":0,"11":0,"12":0,"13":0,"14":0,"15":0,"16":0,"17":0,"18":0,"19":0,"20":0,"21":0,"22":0},"b":{"0":[0,0],"1":[0,0],"2":[0],"3":[0],"4":[0,0],"5":[0,0],"6":[0,0],"7":[0,0],"8":[0,0],"9":[0,0],"10":[0],"11":[0,0],"12":[0,0],"13":[0,0],"14":[0,0],"15":[0,0],"16":[0,0],"17":[0,0],"18":[0,0],"19":[0,0]}}
,"C:\\Users\\nawal\\OneDrive\\FALL 24\\SE\\Style\\src\\app\\userprofile\\page.tsx": {"path":"C:\\Users\\nawal\\OneDrive\\FALL 24\\SE\\Style\\src\\app\\userprofile\\page.tsx","statementMap":{"0":{"start":{"line":11,"column":0},"end":{"line":11,"column":24}},"1":{"start":{"line":6,"column":0},"end":{"line":6,"column":null}},"2":{"start":{"line":7,"column":0},"end":{"line":7,"column":null}},"3":{"start":{"line":8,"column":0},"end":{"line":8,"column":null}},"4":{"start":{"line":12,"column":35},"end":{"line":12,"column":47}},"5":{"start":{"line":13,"column":29},"end":{"line":13,"column":41}},"6":{"start":{"line":14,"column":27},"end":{"line":14,"column":39}},"7":{"start":{"line":15,"column":43},"end":{"line":15,"column":55}},"8":{"start":{"line":16,"column":34},"end":{"line":16,"column":61}},"9":{"start":{"line":17,"column":50},"end":{"line":17,"column":79}},"10":{"start":{"line":19,"column":26},"end":{"line":19,"column":56}},"11":{"start":{"line":20,"column":17},"end":{"line":20,"column":28}},"12":{"start":{"line":22,"column":24},"end":{"line":29,"column":3}},"13":{"start":{"line":23,"column":4},"end":{"line":23,"column":null}},"14":{"start":{"line":24,"column":4},"end":{"line":24,"column":null}},"15":{"start":{"line":25,"column":4},"end":{"line":25,"column":null}},"16":{"start":{"line":26,"column":4},"end":{"line":26,"column":null}},"17":{"start":{"line":27,"column":4},"end":{"line":27,"column":null}},"18":{"start":{"line":28,"column":4},"end":{"line":28,"column":null}},"19":{"start":{"line":31,"column":23},"end":{"line":34,"column":3}},"20":{"start":{"line":32,"column":4},"end":{"line":32,"column":null}},"21":{"start":{"line":33,"column":4},"end":{"line":33,"column":null}},"22":{"start":{"line":36,"column":38},"end":{"line":42,"column":3}},"23":{"start":{"line":37,"column":4},"end":{"line":41,"column":null}},"24":{"start":{"line":38,"column":19},"end":{"line":38,"column":36}},"25":{"start":{"line":39,"column":6},"end":{"line":39,"column":null}},"26":{"start":{"line":40,"column":6},"end":{"line":40,"column":null}},"27":{"start":{"line":44,"column":31},"end":{"line":46,"column":3}},"28":{"start":{"line":45,"column":4},"end":{"line":45,"column":null}},"29":{"start":{"line":48,"column":2},"end":{"line":57,"column":null}},"30":{"start":{"line":49,"column":24},"end":{"line":54,"column":6}},"31":{"start":{"line":50,"column":6},"end":{"line":53,"column":null}},"32":{"start":{"line":51,"column":8},"end":{"line":51,"column":null}},"33":{"start":{"line":52,"column":8},"end":{"line":52,"column":null}},"34":{"start":{"line":56,"column":4},"end":{"line":56,"column":null}},"35":{"start":{"line":56,"column":17},"end":{"line":56,"column":30}},"36":{"start":{"line":59,"column":2},"end":{"line":149,"column":null}},"37":{"start":{"line":100,"column":31},"end":{"line":100,"column":59}},"38":{"start":{"line":112,"column":31},"end":{"line":112,"column":55}},"39":{"start":{"line":123,"column":31},"end":{"line":123,"column":56}},"40":{"start":{"line":135,"column":31},"end":{"line":135,"column":63}}},"fnMap":{"0":{"name":"UserProfile","decl":{"start":{"line":11,"column":24},"end":{"line":11,"column":35}},"loc":{"start":{"line":11,"column":35},"end":{"line":151,"column":null}}},"1":{"name":"(anonymous_1)","decl":{"start":{"line":22,"column":24},"end":{"line":22,"column":42}},"loc":{"start":{"line":22,"column":46},"end":{"line":29,"column":3}}},"2":{"name":"(anonymous_2)","decl":{"start":{"line":31,"column":23},"end":{"line":31,"column":28}},"loc":{"start":{"line":31,"column":28},"end":{"line":34,"column":3}}},"3":{"name":"(anonymous_3)","decl":{"start":{"line":36,"column":38},"end":{"line":36,"column":76}},"loc":{"start":{"line":36,"column":80},"end":{"line":42,"column":3}}},"4":{"name":"(anonymous_4)","decl":{"start":{"line":44,"column":31},"end":{"line":44,"column":36}},"loc":{"start":{"line":44,"column":36},"end":{"line":46,"column":3}}},"5":{"name":"(anonymous_5)","decl":{"start":{"line":48,"column":12},"end":{"line":48,"column":17}},"loc":{"start":{"line":48,"column":17},"end":{"line":57,"column":3}}},"6":{"name":"(anonymous_6)","decl":{"start":{"line":49,"column":49},"end":{"line":49,"column":53}},"loc":{"start":{"line":49,"column":57},"end":{"line":54,"column":5}}},"7":{"name":"(anonymous_7)","decl":{"start":{"line":56,"column":11},"end":{"line":56,"column":17}},"loc":{"start":{"line":56,"column":17},"end":{"line":56,"column":30}}},"8":{"name":"(anonymous_8)","decl":{"start":{"line":100,"column":25},"end":{"line":100,"column":26}},"loc":{"start":{"line":100,"column":31},"end":{"line":100,"column":59}}},"9":{"name":"(anonymous_9)","decl":{"start":{"line":112,"column":25},"end":{"line":112,"column":26}},"loc":{"start":{"line":112,"column":31},"end":{"line":112,"column":55}}},"10":{"name":"(anonymous_10)","decl":{"start":{"line":123,"column":25},"end":{"line":123,"column":26}},"loc":{"start":{"line":123,"column":31},"end":{"line":123,"column":56}}},"11":{"name":"(anonymous_11)","decl":{"start":{"line":135,"column":25},"end":{"line":135,"column":26}},"loc":{"start":{"line":135,"column":31},"end":{"line":135,"column":63}}}},"branchMap":{"0":{"loc":{"start":{"line":37,"column":4},"end":{"line":41,"column":null}},"type":"if","locations":[{"start":{"line":37,"column":4},"end":{"line":41,"column":null}}]},"1":{"loc":{"start":{"line":37,"column":8},"end":{"line":37,"column":43}},"type":"binary-expr","locations":[{"start":{"line":37,"column":8},"end":{"line":37,"column":22}},{"start":{"line":37,"column":26},"end":{"line":37,"column":43}}]},"2":{"loc":{"start":{"line":45,"column":4},"end":{"line":45,"column":36}},"type":"cond-expr","locations":[{"start":{"line":45,"column":27},"end":{"line":45,"column":29}},{"start":{"line":45,"column":27},"end":{"line":45,"column":36}}]},"3":{"loc":{"start":{"line":45,"column":4},"end":{"line":45,"column":29}},"type":"binary-expr","locations":[{"start":{"line":45,"column":4},"end":{"line":45,"column":29}},{"start":{"line":45,"column":27},"end":{"line":45,"column":29}}]},"4":{"loc":{"start":{"line":50,"column":6},"end":{"line":53,"column":null}},"type":"if","locations":[{"start":{"line":50,"column":6},"end":{"line":53,"column":null}}]},"5":{"loc":{"start":{"line":51,"column":18},"end":{"line":51,"column":34}},"type":"binary-expr","locations":[{"start":{"line":51,"column":18},"end":{"line":51,"column":28}},{"start":{"line":51,"column":32},"end":{"line":51,"column":34}}]},"6":{"loc":{"start":{"line":52,"column":21},"end":{"line":52,"column":43}},"type":"binary-expr","locations":[{"start":{"line":52,"column":21},"end":{"line":52,"column":37}},{"start":{"line":52,"column":41},"end":{"line":52,"column":43}}]},"7":{"loc":{"start":{"line":75,"column":15},"end":{"line":82,"column":null}},"type":"cond-expr","locations":[{"start":{"line":76,"column":16},"end":{"line":79,"column":null}},{"start":{"line":82,"column":16},"end":{"line":82,"column":null}}]}},"s":{"0":0,"1":0,"2":0,"3":0,"4":0,"5":0,"6":0,"7":0,"8":0,"9":0,"10":0,"11":0,"12":0,"13":0,"14":0,"15":0,"16":0,"17":0,"18":0,"19":0,"20":0,"21":0,"22":0,"23":0,"24":0,"25":0,"26":0,"27":0,"28":0,"29":0,"30":0,"31":0,"32":0,"33":0,"34":0,"35":0,"36":0,"37":0,"38":0,"39":0,"40":0},"f":{"0":0,"1":0,"2":0,"3":0,"4":0,"5":0,"6":0,"7":0,"8":0,"9":0,"10":0,"11":0},"b":{"0":[0],"1":[0,0],"2":[0,0],"3":[0,0],"4":[0],"5":[0,0],"6":[0,0],"7":[0,0]}}
}
